6828 decimal is 15254 octal!

e820 MEMORY MAP
size: 20, address: 0x0000000000000000, length: 0x000000000009f000, type: 1
size: 20, address: 0x000000000009f000, length: 0x0000000000001000, type: 2
size: 20, address: 0x00000000000e8000, length: 0x0000000000018000, type: 2
size: 20, address: 0x0000000000100000, length: 0x0000000007ef0000, type: 1
size: 20, address: 0x0000000007ff0000, length: 0x0000000000010000, type: 3
size: 20, address: 0x00000000fffc0000, length: 0x0000000000040000, type: 2

Physical memory: 128M available, base = 636K, extended = 130048K, npages = 32768
check_page_alloc() succeeded!
failing 8003c03000 ffffffffffffffff
page_check() succeeded!
check_boot_pml4e() succeeded!
enabled interrupts: 1 2 4
[00000000] new env 00001000
[00000000] new env 00001001
[00000000] new env 00001002

 IN SYS YIELD 
CURENV:0

 BEFORE IDLE 

 AF CPU NUM:800463d000 
STST:2:
RUNS:0:
CR3:7fb5000:
RIP FRAME:800020:
RSP FRAME:ef7fe000:
In IDLE
FS is running
FS can do I/O
Device 1 presence: 1
block cache is good
superblock is good
bitmap is good
icode startup
icode: open /motd
icode: read /motd
Writing MOTD
This is /motd, the message of the day.

Welcome to the JOS kernel, now with a file system!

icode: close /motd
icode: spawn /sbin/init
[00001002] new env 00001003
:145
icode: exiting
[00001002] exiting gracefully
[00001002] free env 00001002

 IN SYS YIELD 
CURENV:0

 BEFORE IDLE 

 AF CPU NUM:800463d000 
STST:2:
RUNS:3:
CR3:7fb5000:
RIP FRAME:8015e9:
RSP FRAME:ef7fdf10:
init: running
init: data seems okay
init: bss seems okay
init: args: 'init' 'initarg1' 'initarg2'
init: running sh
init: starting sh
[00001003] new env 00002002
:145
init waiting
11
$ vmm
[00002002] new env 00001004
:145
11
[00001004] new env 00001005
:145
11

 IN USER VMM 

 Making guest environment 

 IN ENV_GUEST_ALLOC 

 AFTER CREATING VMM ENV 

 ph 1gpa :100000memsz 28676filesz 28676::4101,400000,4102,100000::

 IN EPT_LOOKUP_GPA
::4101,400000,4102,101000::

 IN EPT_LOOKUP_GPA
::4101,400000,4102,102000::

 IN EPT_LOOKUP_GPA
::4101,400000,4102,103000::

 IN EPT_LOOKUP_GPA
::4101,400000,4102,104000::

 IN EPT_LOOKUP_GPA
::4101,400000,4102,105000::

 IN EPT_LOOKUP_GPA
::4101,400000,4102,106000::

 IN EPT_LOOKUP_GPA
::4101,400000,4102,107000::

 IN EPT_LOOKUP_GPA

 ph 1gpa :200000memsz 103214filesz 103214::4101,400000,4102,200000::

 IN EPT_LOOKUP_GPA
::4101,400000,4102,201000::

 IN EPT_LOOKUP_GPA
::4101,400000,4102,202000::

 IN EPT_LOOKUP_GPA
::4101,400000,4102,203000::

 IN EPT_LOOKUP_GPA
::4101,400000,4102,204000::

 IN EPT_LOOKUP_GPA
::4101,400000,4102,205000::

 IN EPT_LOOKUP_GPA
::4101,400000,4102,206000::

 IN EPT_LOOKUP_GPA
::4101,400000,4102,207000::

 IN EPT_LOOKUP_GPA
::4101,400000,4102,208000::

 IN EPT_LOOKUP_GPA
::4101,400000,4102,209000::

 IN EPT_LOOKUP_GPA
::4101,400000,4102,20a000::

 IN EPT_LOOKUP_GPA
::4101,400000,4102,20b000::

 IN EPT_LOOKUP_GPA
::4101,400000,4102,20c000::

 IN EPT_LOOKUP_GPA
::4101,400000,4102,20d000::

 IN EPT_LOOKUP_GPA
::4101,400000,4102,20e000::

 IN EPT_LOOKUP_GPA
::4101,400000,4102,20f000::

 IN EPT_LOOKUP_GPA
::4101,400000,4102,210000::

 IN EPT_LOOKUP_GPA
::4101,400000,4102,211000::

 IN EPT_LOOKUP_GPA
::4101,400000,4102,212000::

 IN EPT_LOOKUP_GPA
::4101,400000,4102,213000::

 IN EPT_LOOKUP_GPA
::4101,400000,4102,214000::

 IN EPT_LOOKUP_GPA
::4101,400000,4102,215000::

 IN EPT_LOOKUP_GPA
::4101,400000,4102,216000::

 IN EPT_LOOKUP_GPA
::4101,400000,4102,217000::

 IN EPT_LOOKUP_GPA
::4101,400000,4102,218000::

 IN EPT_LOOKUP_GPA
::4101,400000,4102,219000::

 IN EPT_LOOKUP_GPA

 ph 1gpa :21a000memsz 2957328filesz 2415528::4101,400000,4102,21a000::

 IN EPT_LOOKUP_GPA
::4101,400000,4102,21b000::

 IN EPT_LOOKUP_GPA
::4101,400000,4102,21c000::

 IN EPT_LOOKUP_GPA
::4101,400000,4102,21d000::

 IN EPT_LOOKUP_GPA
::4101,400000,4102,21e000::

 IN EPT_LOOKUP_GPA
::4101,400000,4102,21f000::

 IN EPT_LOOKUP_GPA
::4101,400000,4102,220000::

 IN EPT_LOOKUP_GPA
::4101,400000,4102,221000::

 IN EPT_LOOKUP_GPA
::4101,400000,4102,222000::

 IN EPT_LOOKUP_GPA
::4101,400000,4102,223000::

 IN EPT_LOOKUP_GPA
::4101,400000,4102,224000::

 IN EPT_LOOKUP_GPA
::4101,400000,4102,225000::

 IN EPT_LOOKUP_GPA
::4101,400000,4102,226000::

 IN EPT_LOOKUP_GPA
::4101,400000,4102,227000::

 IN EPT_LOOKUP_GPA
::4101,400000,4102,228000::

 IN EPT_LOOKUP_GPA
::4101,400000,4102,229000::

 IN EPT_LOOKUP_GPA
::4101,400000,4102,22a000::

 IN EPT_LOOKUP_GPA
::4101,400000,4102,22b000::

 IN EPT_LOOKUP_GPA
::4101,400000,4102,22c000::

 IN EPT_LOOKUP_GPA
::4101,400000,4102,22d000::

 IN EPT_LOOKUP_GPA
::4101,400000,4102,22e000::

 IN EPT_LOOKUP_GPA
::4101,400000,4102,22f000::

 IN EPT_LOOKUP_GPA
::4101,400000,4102,230000::

 IN EPT_LOOKUP_GPA
::4101,400000,4102,231000::

 IN EPT_LOOKUP_GPA
::4101,400000,4102,232000::

 IN EPT_LOOKUP_GPA
::4101,400000,4102,233000::

 IN EPT_LOOKUP_GPA
::4101,400000,4102,234000::

 IN EPT_LOOKUP_GPA
::4101,400000,4102,235000::

 IN EPT_LOOKUP_GPA
::4101,400000,4102,236000::

 IN EPT_LOOKUP_GPA
::4101,400000,4102,237000::

 IN EPT_LOOKUP_GPA
::4101,400000,4102,238000::

 IN EPT_LOOKUP_GPA
::4101,400000,4102,239000::

 IN EPT_LOOKUP_GPA
::4101,400000,4102,23a000::

 IN EPT_LOOKUP_GPA
::4101,400000,4102,23b000::

 IN EPT_LOOKUP_GPA
::4101,400000,4102,23c000::

 IN EPT_LOOKUP_GPA
::4101,400000,4102,23d000::

 IN EPT_LOOKUP_GPA
::4101,400000,4102,23e000::

 IN EPT_LOOKUP_GPA
::4101,400000,4102,23f000::

 IN EPT_LOOKUP_GPA
::4101,400000,4102,240000::

 IN EPT_LOOKUP_GPA
::4101,400000,4102,241000::

 IN EPT_LOOKUP_GPA
::4101,400000,4102,242000::

 IN EPT_LOOKUP_GPA
::4101,400000,4102,243000::

 IN EPT_LOOKUP_GPA
::4101,400000,4102,244000::

 IN EPT_LOOKUP_GPA
::4101,400000,4102,245000::

 IN EPT_LOOKUP_GPA
::4101,400000,4102,246000::

 IN EPT_LOOKUP_GPA
::4101,400000,4102,247000::

 IN EPT_LOOKUP_GPA
::4101,400000,4102,248000::

 IN EPT_LOOKUP_GPA
::4101,400000,4102,249000::

 IN EPT_LOOKUP_GPA
::4101,400000,4102,24a000::

 IN EPT_LOOKUP_GPA
::4101,400000,4102,24b000::

 IN EPT_LOOKUP_GPA
::4101,400000,4102,24c000::

 IN EPT_LOOKUP_GPA
::4101,400000,4102,24d000::

 IN EPT_LOOKUP_GPA
::4101,400000,4102,24e000::

 IN EPT_LOOKUP_GPA
::4101,400000,4102,24f000::

 IN EPT_LOOKUP_GPA
::4101,400000,4102,250000::

 IN EPT_LOOKUP_GPA
::4101,400000,4102,251000::

 IN EPT_LOOKUP_GPA
::4101,400000,4102,252000::

 IN EPT_LOOKUP_GPA
::4101,400000,4102,253000::

 IN EPT_LOOKUP_GPA
::4101,400000,4102,254000::

 IN EPT_LOOKUP_GPA
::4101,400000,4102,255000::

 IN EPT_LOOKUP_GPA
::4101,400000,4102,256000::

 IN EPT_LOOKUP_GPA
::4101,400000,4102,257000::

 IN EPT_LOOKUP_GPA
::4101,400000,4102,258000::

 IN EPT_LOOKUP_GPA
::4101,400000,4102,259000::

 IN EPT_LOOKUP_GPA
::4101,400000,4102,25a000::

 IN EPT_LOOKUP_GPA
::4101,400000,4102,25b000::

 IN EPT_LOOKUP_GPA
::4101,400000,4102,25c000::

 IN EPT_LOOKUP_GPA
::4101,400000,4102,25d000::

 IN EPT_LOOKUP_GPA
::4101,400000,4102,25e000::

 IN EPT_LOOKUP_GPA
::4101,400000,4102,25f000::

 IN EPT_LOOKUP_GPA
::4101,400000,4102,260000::

 IN EPT_LOOKUP_GPA
::4101,400000,4102,261000::

 IN EPT_LOOKUP_GPA
::4101,400000,4102,262000::

 IN EPT_LOOKUP_GPA
::4101,400000,4102,263000::

 IN EPT_LOOKUP_GPA
::4101,400000,4102,264000::

 IN EPT_LOOKUP_GPA
::4101,400000,4102,265000::

 IN EPT_LOOKUP_GPA
::4101,400000,4102,266000::

 IN EPT_LOOKUP_GPA
::4101,400000,4102,267000::

 IN EPT_LOOKUP_GPA
::4101,400000,4102,268000::

 IN EPT_LOOKUP_GPA
::4101,400000,4102,269000::

 IN EPT_LOOKUP_GPA
::4101,400000,4102,26a000::

 IN EPT_LOOKUP_GPA
::4101,400000,4102,26b000::

 IN EPT_LOOKUP_GPA
::4101,400000,4102,26c000::

 IN EPT_LOOKUP_GPA
::4101,400000,4102,26d000::

 IN EPT_LOOKUP_GPA
::4101,400000,4102,26e000::

 IN EPT_LOOKUP_GPA
::4101,400000,4102,26f000::

 IN EPT_LOOKUP_GPA
::4101,400000,4102,270000::

 IN EPT_LOOKUP_GPA
::4101,400000,4102,271000::

 IN EPT_LOOKUP_GPA
::4101,400000,4102,272000::

 IN EPT_LOOKUP_GPA
::4101,400000,4102,273000::

 IN EPT_LOOKUP_GPA
::4101,400000,4102,274000::

 IN EPT_LOOKUP_GPA
::4101,400000,4102,275000::

 IN EPT_LOOKUP_GPA
::4101,400000,4102,276000::

 IN EPT_LOOKUP_GPA
::4101,400000,4102,277000::

 IN EPT_LOOKUP_GPA
::4101,400000,4102,278000::

 IN EPT_LOOKUP_GPA
::4101,400000,4102,279000::

 IN EPT_LOOKUP_GPA
::4101,400000,4102,27a000::

 IN EPT_LOOKUP_GPA
::4101,400000,4102,27b000::

 IN EPT_LOOKUP_GPA
::4101,400000,4102,27c000::

 IN EPT_LOOKUP_GPA
::4101,400000,4102,27d000::

 IN EPT_LOOKUP_GPA
::4101,400000,4102,27e000::

 IN EPT_LOOKUP_GPA
::4101,400000,4102,27f000::

 IN EPT_LOOKUP_GPA
::4101,400000,4102,280000::

 IN EPT_LOOKUP_GPA
::4101,400000,4102,281000::

 IN EPT_LOOKUP_GPA
::4101,400000,4102,282000::

 IN EPT_LOOKUP_GPA
::4101,400000,4102,283000::

 IN EPT_LOOKUP_GPA
::4101,400000,4102,284000::

 IN EPT_LOOKUP_GPA
::4101,400000,4102,285000::

 IN EPT_LOOKUP_GPA
::4101,400000,4102,286000::

 IN EPT_LOOKUP_GPA
::4101,400000,4102,287000::

 IN EPT_LOOKUP_GPA
::4101,400000,4102,288000::

 IN EPT_LOOKUP_GPA
::4101,400000,4102,289000::

 IN EPT_LOOKUP_GPA
::4101,400000,4102,28a000::

 IN EPT_LOOKUP_GPA
::4101,400000,4102,28b000::

 IN EPT_LOOKUP_GPA
::4101,400000,4102,28c000::

 IN EPT_LOOKUP_GPA
::4101,400000,4102,28d000::

 IN EPT_LOOKUP_GPA
::4101,400000,4102,28e000::

 IN EPT_LOOKUP_GPA
::4101,400000,4102,28f000::

 IN EPT_LOOKUP_GPA
::4101,400000,4102,290000::

 IN EPT_LOOKUP_GPA
::4101,400000,4102,291000::

 IN EPT_LOOKUP_GPA
::4101,400000,4102,292000::

 IN EPT_LOOKUP_GPA
::4101,400000,4102,293000::

 IN EPT_LOOKUP_GPA
::4101,400000,4102,294000::

 IN EPT_LOOKUP_GPA
::4101,400000,4102,295000::

 IN EPT_LOOKUP_GPA
::4101,400000,4102,296000::

 IN EPT_LOOKUP_GPA
::4101,400000,4102,297000::

 IN EPT_LOOKUP_GPA
::4101,400000,4102,298000::

 IN EPT_LOOKUP_GPA
::4101,400000,4102,299000::

 IN EPT_LOOKUP_GPA
::4101,400000,4102,29a000::

 IN EPT_LOOKUP_GPA
::4101,400000,4102,29b000::

 IN EPT_LOOKUP_GPA
::4101,400000,4102,29c000::

 IN EPT_LOOKUP_GPA
::4101,400000,4102,29d000::

 IN EPT_LOOKUP_GPA
::4101,400000,4102,29e000::

 IN EPT_LOOKUP_GPA
::4101,400000,4102,29f000::

 IN EPT_LOOKUP_GPA
::4101,400000,4102,2a0000::

 IN EPT_LOOKUP_GPA
::4101,400000,4102,2a1000::

 IN EPT_LOOKUP_GPA
::4101,400000,4102,2a2000::

 IN EPT_LOOKUP_GPA
::4101,400000,4102,2a3000::

 IN EPT_LOOKUP_GPA
::4101,400000,4102,2a4000::

 IN EPT_LOOKUP_GPA
::4101,400000,4102,2a5000::

 IN EPT_LOOKUP_GPA
::4101,400000,4102,2a6000::

 IN EPT_LOOKUP_GPA
::4101,400000,4102,2a7000::

 IN EPT_LOOKUP_GPA
::4101,400000,4102,2a8000::

 IN EPT_LOOKUP_GPA
::4101,400000,4102,2a9000::

 IN EPT_LOOKUP_GPA
::4101,400000,4102,2aa000::

 IN EPT_LOOKUP_GPA
::4101,400000,4102,2ab000::

 IN EPT_LOOKUP_GPA
::4101,400000,4102,2ac000::

 IN EPT_LOOKUP_GPA
::4101,400000,4102,2ad000::

 IN EPT_LOOKUP_GPA
::4101,400000,4102,2ae000::

 IN EPT_LOOKUP_GPA
::4101,400000,4102,2af000::

 IN EPT_LOOKUP_GPA
::4101,400000,4102,2b0000::

 IN EPT_LOOKUP_GPA
::4101,400000,4102,2b1000::

 IN EPT_LOOKUP_GPA
::4101,400000,4102,2b2000::

 IN EPT_LOOKUP_GPA
::4101,400000,4102,2b3000::

 IN EPT_LOOKUP_GPA
::4101,400000,4102,2b4000::

 IN EPT_LOOKUP_GPA
::4101,400000,4102,2b5000::

 IN EPT_LOOKUP_GPA
::4101,400000,4102,2b6000::

 IN EPT_LOOKUP_GPA
::4101,400000,4102,2b7000::

 IN EPT_LOOKUP_GPA
::4101,400000,4102,2b8000::

 IN EPT_LOOKUP_GPA
::4101,400000,4102,2b9000::

 IN EPT_LOOKUP_GPA
::4101,400000,4102,2ba000::

 IN EPT_LOOKUP_GPA
::4101,400000,4102,2bb000::

 IN EPT_LOOKUP_GPA
::4101,400000,4102,2bc000::

 IN EPT_LOOKUP_GPA
::4101,400000,4102,2bd000::

 IN EPT_LOOKUP_GPA
::4101,400000,4102,2be000::

 IN EPT_LOOKUP_GPA
::4101,400000,4102,2bf000::

 IN EPT_LOOKUP_GPA
::4101,400000,4102,2c0000::

 IN EPT_LOOKUP_GPA
::4101,400000,4102,2c1000::

 IN EPT_LOOKUP_GPA
::4101,400000,4102,2c2000::

 IN EPT_LOOKUP_GPA
::4101,400000,4102,2c3000::

 IN EPT_LOOKUP_GPA
::4101,400000,4102,2c4000::

 IN EPT_LOOKUP_GPA
::4101,400000,4102,2c5000::

 IN EPT_LOOKUP_GPA
::4101,400000,4102,2c6000::

 IN EPT_LOOKUP_GPA
::4101,400000,4102,2c7000::

 IN EPT_LOOKUP_GPA
::4101,400000,4102,2c8000::

 IN EPT_LOOKUP_GPA
::4101,400000,4102,2c9000::

 IN EPT_LOOKUP_GPA
::4101,400000,4102,2ca000::

 IN EPT_LOOKUP_GPA
::4101,400000,4102,2cb000::

 IN EPT_LOOKUP_GPA
::4101,400000,4102,2cc000::

 IN EPT_LOOKUP_GPA
::4101,400000,4102,2cd000::

 IN EPT_LOOKUP_GPA
::4101,400000,4102,2ce000::

 IN EPT_LOOKUP_GPA
::4101,400000,4102,2cf000::

 IN EPT_LOOKUP_GPA
::4101,400000,4102,2d0000::

 IN EPT_LOOKUP_GPA
::4101,400000,4102,2d1000::

 IN EPT_LOOKUP_GPA
::4101,400000,4102,2d2000::

 IN EPT_LOOKUP_GPA
::4101,400000,4102,2d3000::

 IN EPT_LOOKUP_GPA
::4101,400000,4102,2d4000::

 IN EPT_LOOKUP_GPA
::4101,400000,4102,2d5000::

 IN EPT_LOOKUP_GPA
::4101,400000,4102,2d6000::

 IN EPT_LOOKUP_GPA
::4101,400000,4102,2d7000::

 IN EPT_LOOKUP_GPA
::4101,400000,4102,2d8000::

 IN EPT_LOOKUP_GPA
::4101,400000,4102,2d9000::

 IN EPT_LOOKUP_GPA
::4101,400000,4102,2da000::

 IN EPT_LOOKUP_GPA
::4101,400000,4102,2db000::

 IN EPT_LOOKUP_GPA
::4101,400000,4102,2dc000::

 IN EPT_LOOKUP_GPA
::4101,400000,4102,2dd000::

 IN EPT_LOOKUP_GPA
::4101,400000,4102,2de000::

 IN EPT_LOOKUP_GPA
::4101,400000,4102,2df000::

 IN EPT_LOOKUP_GPA
::4101,400000,4102,2e0000::

 IN EPT_LOOKUP_GPA
::4101,400000,4102,2e1000::

 IN EPT_LOOKUP_GPA
::4101,400000,4102,2e2000::

 IN EPT_LOOKUP_GPA
::4101,400000,4102,2e3000::

 IN EPT_LOOKUP_GPA
::4101,400000,4102,2e4000::

 IN EPT_LOOKUP_GPA
::4101,400000,4102,2e5000::

 IN EPT_LOOKUP_GPA
::4101,400000,4102,2e6000::

 IN EPT_LOOKUP_GPA
::4101,400000,4102,2e7000::

 IN EPT_LOOKUP_GPA
::4101,400000,4102,2e8000::

 IN EPT_LOOKUP_GPA
::4101,400000,4102,2e9000::

 IN EPT_LOOKUP_GPA
::4101,400000,4102,2ea000::

 IN EPT_LOOKUP_GPA
::4101,400000,4102,2eb000::

 IN EPT_LOOKUP_GPA
::4101,400000,4102,2ec000::

 IN EPT_LOOKUP_GPA
::4101,400000,4102,2ed000::

 IN EPT_LOOKUP_GPA
::4101,400000,4102,2ee000::

 IN EPT_LOOKUP_GPA
::4101,400000,4102,2ef000::

 IN EPT_LOOKUP_GPA
::4101,400000,4102,2f0000::

 IN EPT_LOOKUP_GPA
::4101,400000,4102,2f1000::

 IN EPT_LOOKUP_GPA
::4101,400000,4102,2f2000::

 IN EPT_LOOKUP_GPA
::4101,400000,4102,2f3000::

 IN EPT_LOOKUP_GPA
::4101,400000,4102,2f4000::

 IN EPT_LOOKUP_GPA
::4101,400000,4102,2f5000::

 IN EPT_LOOKUP_GPA
::4101,400000,4102,2f6000::

 IN EPT_LOOKUP_GPA
::4101,400000,4102,2f7000::

 IN EPT_LOOKUP_GPA
::4101,400000,4102,2f8000::

 IN EPT_LOOKUP_GPA
::4101,400000,4102,2f9000::

 IN EPT_LOOKUP_GPA
::4101,400000,4102,2fa000::

 IN EPT_LOOKUP_GPA
::4101,400000,4102,2fb000::

 IN EPT_LOOKUP_GPA
::4101,400000,4102,2fc000::

 IN EPT_LOOKUP_GPA
::4101,400000,4102,2fd000::

 IN EPT_LOOKUP_GPA
::4101,400000,4102,2fe000::

 IN EPT_LOOKUP_GPA
::4101,400000,4102,2ff000::

 IN EPT_LOOKUP_GPA
::4101,400000,4102,300000::

 IN EPT_LOOKUP_GPA
::4101,400000,4102,301000::

 IN EPT_LOOKUP_GPA
::4101,400000,4102,302000::

 IN EPT_LOOKUP_GPA
::4101,400000,4102,303000::

 IN EPT_LOOKUP_GPA
::4101,400000,4102,304000::

 IN EPT_LOOKUP_GPA
::4101,400000,4102,305000::

 IN EPT_LOOKUP_GPA
::4101,400000,4102,306000::

 IN EPT_LOOKUP_GPA
::4101,400000,4102,307000::

 IN EPT_LOOKUP_GPA
::4101,400000,4102,308000::

 IN EPT_LOOKUP_GPA
::4101,400000,4102,309000::

 IN EPT_LOOKUP_GPA
::4101,400000,4102,30a000::

 IN EPT_LOOKUP_GPA
::4101,400000,4102,30b000::

 IN EPT_LOOKUP_GPA
::4101,400000,4102,30c000::

 IN EPT_LOOKUP_GPA
::4101,400000,4102,30d000::

 IN EPT_LOOKUP_GPA
::4101,400000,4102,30e000::

 IN EPT_LOOKUP_GPA
::4101,400000,4102,30f000::

 IN EPT_LOOKUP_GPA
::4101,400000,4102,310000::

 IN EPT_LOOKUP_GPA
::4101,400000,4102,311000::

 IN EPT_LOOKUP_GPA
::4101,400000,4102,312000::

 IN EPT_LOOKUP_GPA
::4101,400000,4102,313000::

 IN EPT_LOOKUP_GPA
::4101,400000,4102,314000::

 IN EPT_LOOKUP_GPA
::4101,400000,4102,315000::

 IN EPT_LOOKUP_GPA
::4101,400000,4102,316000::

 IN EPT_LOOKUP_GPA
::4101,400000,4102,317000::

 IN EPT_LOOKUP_GPA
::4101,400000,4102,318000::

 IN EPT_LOOKUP_GPA
::4101,400000,4102,319000::

 IN EPT_LOOKUP_GPA
::4101,400000,4102,31a000::

 IN EPT_LOOKUP_GPA
::4101,400000,4102,31b000::

 IN EPT_LOOKUP_GPA
::4101,400000,4102,31c000::

 IN EPT_LOOKUP_GPA
::4101,400000,4102,31d000::

 IN EPT_LOOKUP_GPA
::4101,400000,4102,31e000::

 IN EPT_LOOKUP_GPA
::4101,400000,4102,31f000::

 IN EPT_LOOKUP_GPA
::4101,400000,4102,320000::

 IN EPT_LOOKUP_GPA
::4101,400000,4102,321000::

 IN EPT_LOOKUP_GPA
::4101,400000,4102,322000::

 IN EPT_LOOKUP_GPA
::4101,400000,4102,323000::

 IN EPT_LOOKUP_GPA
::4101,400000,4102,324000::

 IN EPT_LOOKUP_GPA
::4101,400000,4102,325000::

 IN EPT_LOOKUP_GPA
::4101,400000,4102,326000::

 IN EPT_LOOKUP_GPA
::4101,400000,4102,327000::

 IN EPT_LOOKUP_GPA
::4101,400000,4102,328000::

 IN EPT_LOOKUP_GPA
::4101,400000,4102,329000::

 IN EPT_LOOKUP_GPA
::4101,400000,4102,32a000::

 IN EPT_LOOKUP_GPA
::4101,400000,4102,32b000::

 IN EPT_LOOKUP_GPA
::4101,400000,4102,32c000::

 IN EPT_LOOKUP_GPA
::4101,400000,4102,32d000::

 IN EPT_LOOKUP_GPA
::4101,400000,4102,32e000::

 IN EPT_LOOKUP_GPA
::4101,400000,4102,32f000::

 IN EPT_LOOKUP_GPA
::4101,400000,4102,330000::

 IN EPT_LOOKUP_GPA
::4101,400000,4102,331000::

 IN EPT_LOOKUP_GPA
::4101,400000,4102,332000::

 IN EPT_LOOKUP_GPA
::4101,400000,4102,333000::

 IN EPT_LOOKUP_GPA
::4101,400000,4102,334000::

 IN EPT_LOOKUP_GPA
::4101,400000,4102,335000::

 IN EPT_LOOKUP_GPA
::4101,400000,4102,336000::

 IN EPT_LOOKUP_GPA
::4101,400000,4102,337000::

 IN EPT_LOOKUP_GPA
::4101,400000,4102,338000::

 IN EPT_LOOKUP_GPA
::4101,400000,4102,339000::

 IN EPT_LOOKUP_GPA
::4101,400000,4102,33a000::

 IN EPT_LOOKUP_GPA
::4101,400000,4102,33b000::

 IN EPT_LOOKUP_GPA
::4101,400000,4102,33c000::

 IN EPT_LOOKUP_GPA
::4101,400000,4102,33d000::

 IN EPT_LOOKUP_GPA
::4101,400000,4102,33e000::

 IN EPT_LOOKUP_GPA
::4101,400000,4102,33f000::

 IN EPT_LOOKUP_GPA
::4101,400000,4102,340000::

 IN EPT_LOOKUP_GPA
::4101,400000,4102,341000::

 IN EPT_LOOKUP_GPA
::4101,400000,4102,342000::

 IN EPT_LOOKUP_GPA
::4101,400000,4102,343000::

 IN EPT_LOOKUP_GPA
::4101,400000,4102,344000::

 IN EPT_LOOKUP_GPA
::4101,400000,4102,345000::

 IN EPT_LOOKUP_GPA
::4101,400000,4102,346000::

 IN EPT_LOOKUP_GPA
::4101,400000,4102,347000::

 IN EPT_LOOKUP_GPA
::4101,400000,4102,348000::

 IN EPT_LOOKUP_GPA
::4101,400000,4102,349000::

 IN EPT_LOOKUP_GPA
::4101,400000,4102,34a000::

 IN EPT_LOOKUP_GPA
::4101,400000,4102,34b000::

 IN EPT_LOOKUP_GPA
::4101,400000,4102,34c000::

 IN EPT_LOOKUP_GPA
::4101,400000,4102,34d000::

 IN EPT_LOOKUP_GPA
::4101,400000,4102,34e000::

 IN EPT_LOOKUP_GPA
::4101,400000,4102,34f000::

 IN EPT_LOOKUP_GPA
::4101,400000,4102,350000::

 IN EPT_LOOKUP_GPA
::4101,400000,4102,351000::

 IN EPT_LOOKUP_GPA
::4101,400000,4102,352000::

 IN EPT_LOOKUP_GPA
::4101,400000,4102,353000::

 IN EPT_LOOKUP_GPA
::4101,400000,4102,354000::

 IN EPT_LOOKUP_GPA
::4101,400000,4102,355000::

 IN EPT_LOOKUP_GPA
::4101,400000,4102,356000::

 IN EPT_LOOKUP_GPA
::4101,400000,4102,357000::

 IN EPT_LOOKUP_GPA
::4101,400000,4102,358000::

 IN EPT_LOOKUP_GPA
::4101,400000,4102,359000::

 IN EPT_LOOKUP_GPA
::4101,400000,4102,35a000::

 IN EPT_LOOKUP_GPA
::4101,400000,4102,35b000::

 IN EPT_LOOKUP_GPA
::4101,400000,4102,35c000::

 IN EPT_LOOKUP_GPA
::4101,400000,4102,35d000::

 IN EPT_LOOKUP_GPA
::4101,400000,4102,35e000::

 IN EPT_LOOKUP_GPA
::4101,400000,4102,35f000::

 IN EPT_LOOKUP_GPA
::4101,400000,4102,360000::

 IN EPT_LOOKUP_GPA
::4101,400000,4102,361000::

 IN EPT_LOOKUP_GPA
::4101,400000,4102,362000::

 IN EPT_LOOKUP_GPA
::4101,400000,4102,363000::

 IN EPT_LOOKUP_GPA
::4101,400000,4102,364000::

 IN EPT_LOOKUP_GPA
::4101,400000,4102,365000::

 IN EPT_LOOKUP_GPA
::4101,400000,4102,366000::

 IN EPT_LOOKUP_GPA
::4101,400000,4102,367000::

 IN EPT_LOOKUP_GPA
::4101,400000,4102,368000::

 IN EPT_LOOKUP_GPA
::4101,400000,4102,369000::

 IN EPT_LOOKUP_GPA
::4101,400000,4102,36a000::

 IN EPT_LOOKUP_GPA
::4101,400000,4102,36b000::

 IN EPT_LOOKUP_GPA
::4101,400000,4102,36c000::

 IN EPT_LOOKUP_GPA
::4101,400000,4102,36d000::

 IN EPT_LOOKUP_GPA
::4101,400000,4102,36e000::

 IN EPT_LOOKUP_GPA
::4101,400000,4102,36f000::

 IN EPT_LOOKUP_GPA
::4101,400000,4102,370000::

 IN EPT_LOOKUP_GPA
::4101,400000,4102,371000::

 IN EPT_LOOKUP_GPA
::4101,400000,4102,372000::

 IN EPT_LOOKUP_GPA
::4101,400000,4102,373000::

 IN EPT_LOOKUP_GPA
::4101,400000,4102,374000::

 IN EPT_LOOKUP_GPA
::4101,400000,4102,375000::

 IN EPT_LOOKUP_GPA
::4101,400000,4102,376000::

 IN EPT_LOOKUP_GPA
::4101,400000,4102,377000::

 IN EPT_LOOKUP_GPA
::4101,400000,4102,378000::

 IN EPT_LOOKUP_GPA
::4101,400000,4102,379000::

 IN EPT_LOOKUP_GPA
::4101,400000,4102,37a000::

 IN EPT_LOOKUP_GPA
::4101,400000,4102,37b000::

 IN EPT_LOOKUP_GPA
::4101,400000,4102,37c000::

 IN EPT_LOOKUP_GPA
::4101,400000,4102,37d000::

 IN EPT_LOOKUP_GPA
::4101,400000,4102,37e000::

 IN EPT_LOOKUP_GPA
::4101,400000,4102,37f000::

 IN EPT_LOOKUP_GPA
::4101,400000,4102,380000::

 IN EPT_LOOKUP_GPA
::4101,400000,4102,381000::

 IN EPT_LOOKUP_GPA
::4101,400000,4102,382000::

 IN EPT_LOOKUP_GPA
::4101,400000,4102,383000::

 IN EPT_LOOKUP_GPA
::4101,400000,4102,384000::

 IN EPT_LOOKUP_GPA
::4101,400000,4102,385000::

 IN EPT_LOOKUP_GPA
::4101,400000,4102,386000::

 IN EPT_LOOKUP_GPA
::4101,400000,4102,387000::

 IN EPT_LOOKUP_GPA
::4101,400000,4102,388000::

 IN EPT_LOOKUP_GPA
::4101,400000,4102,389000::

 IN EPT_LOOKUP_GPA
::4101,400000,4102,38a000::

 IN EPT_LOOKUP_GPA
::4101,400000,4102,38b000::

 IN EPT_LOOKUP_GPA
::4101,400000,4102,38c000::

 IN EPT_LOOKUP_GPA
::4101,400000,4102,38d000::

 IN EPT_LOOKUP_GPA
::4101,400000,4102,38e000::

 IN EPT_LOOKUP_GPA
::4101,400000,4102,38f000::

 IN EPT_LOOKUP_GPA
::4101,400000,4102,390000::

 IN EPT_LOOKUP_GPA
::4101,400000,4102,391000::

 IN EPT_LOOKUP_GPA
::4101,400000,4102,392000::

 IN EPT_LOOKUP_GPA
::4101,400000,4102,393000::

 IN EPT_LOOKUP_GPA
::4101,400000,4102,394000::

 IN EPT_LOOKUP_GPA
::4101,400000,4102,395000::

 IN EPT_LOOKUP_GPA
::4101,400000,4102,396000::

 IN EPT_LOOKUP_GPA
::4101,400000,4102,397000::

 IN EPT_LOOKUP_GPA
::4101,400000,4102,398000::

 IN EPT_LOOKUP_GPA
::4101,400000,4102,399000::

 IN EPT_LOOKUP_GPA
::4101,400000,4102,39a000::

 IN EPT_LOOKUP_GPA
::4101,400000,4102,39b000::

 IN EPT_LOOKUP_GPA
::4101,400000,4102,39c000::

 IN EPT_LOOKUP_GPA
::4101,400000,4102,39d000::

 IN EPT_LOOKUP_GPA
::4101,400000,4102,39e000::

 IN EPT_LOOKUP_GPA
::4101,400000,4102,39f000::

 IN EPT_LOOKUP_GPA
::4101,400000,4102,3a0000::

 IN EPT_LOOKUP_GPA
::4101,400000,4102,3a1000::

 IN EPT_LOOKUP_GPA
::4101,400000,4102,3a2000::

 IN EPT_LOOKUP_GPA
::4101,400000,4102,3a3000::

 IN EPT_LOOKUP_GPA
::4101,400000,4102,3a4000::

 IN EPT_LOOKUP_GPA
::4101,400000,4102,3a5000::

 IN EPT_LOOKUP_GPA
::4101,400000,4102,3a6000::

 IN EPT_LOOKUP_GPA
::4101,400000,4102,3a7000::

 IN EPT_LOOKUP_GPA
::4101,400000,4102,3a8000::

 IN EPT_LOOKUP_GPA
::4101,400000,4102,3a9000::

 IN EPT_LOOKUP_GPA
::4101,400000,4102,3aa000::

 IN EPT_LOOKUP_GPA
::4101,400000,4102,3ab000::

 IN EPT_LOOKUP_GPA
::4101,400000,4102,3ac000::

 IN EPT_LOOKUP_GPA
::4101,400000,4102,3ad000::

 IN EPT_LOOKUP_GPA
::4101,400000,4102,3ae000::

 IN EPT_LOOKUP_GPA
::4101,400000,4102,3af000::

 IN EPT_LOOKUP_GPA
::4101,400000,4102,3b0000::

 IN EPT_LOOKUP_GPA
::4101,400000,4102,3b1000::

 IN EPT_LOOKUP_GPA
::4101,400000,4102,3b2000::

 IN EPT_LOOKUP_GPA
::4101,400000,4102,3b3000::

 IN EPT_LOOKUP_GPA
::4101,400000,4102,3b4000::

 IN EPT_LOOKUP_GPA
::4101,400000,4102,3b5000::

 IN EPT_LOOKUP_GPA
::4101,400000,4102,3b6000::

 IN EPT_LOOKUP_GPA
::4101,400000,4102,3b7000::

 IN EPT_LOOKUP_GPA
::4101,400000,4102,3b8000::

 IN EPT_LOOKUP_GPA
::4101,400000,4102,3b9000::

 IN EPT_LOOKUP_GPA
::4101,400000,4102,3ba000::

 IN EPT_LOOKUP_GPA
::4101,400000,4102,3bb000::

 IN EPT_LOOKUP_GPA
::4101,400000,4102,3bc000::

 IN EPT_LOOKUP_GPA
::4101,400000,4102,3bd000::

 IN EPT_LOOKUP_GPA
::4101,400000,4102,3be000::

 IN EPT_LOOKUP_GPA
::4101,400000,4102,3bf000::

 IN EPT_LOOKUP_GPA
::4101,400000,4102,3c0000::

 IN EPT_LOOKUP_GPA
::4101,400000,4102,3c1000::

 IN EPT_LOOKUP_GPA
::4101,400000,4102,3c2000::

 IN EPT_LOOKUP_GPA
::4101,400000,4102,3c3000::

 IN EPT_LOOKUP_GPA
::4101,400000,4102,3c4000::

 IN EPT_LOOKUP_GPA
::4101,400000,4102,3c5000::

 IN EPT_LOOKUP_GPA
::4101,400000,4102,3c6000::

 IN EPT_LOOKUP_GPA
::4101,400000,4102,3c7000::

 IN EPT_LOOKUP_GPA
::4101,400000,4102,3c8000::

 IN EPT_LOOKUP_GPA
::4101,400000,4102,3c9000::

 IN EPT_LOOKUP_GPA
::4101,400000,4102,3ca000::

 IN EPT_LOOKUP_GPA
::4101,400000,4102,3cb000::

 IN EPT_LOOKUP_GPA
::4101,400000,4102,3cc000::

 IN EPT_LOOKUP_GPA
::4101,400000,4102,3cd000::

 IN EPT_LOOKUP_GPA
::4101,400000,4102,3ce000::

 IN EPT_LOOKUP_GPA
::4101,400000,4102,3cf000::

 IN EPT_LOOKUP_GPA
::4101,400000,4102,3d0000::

 IN EPT_LOOKUP_GPA
::4101,400000,4102,3d1000::

 IN EPT_LOOKUP_GPA
::4101,400000,4102,3d2000::

 IN EPT_LOOKUP_GPA
::4101,400000,4102,3d3000::

 IN EPT_LOOKUP_GPA
::4101,400000,4102,3d4000::

 IN EPT_LOOKUP_GPA
::4101,400000,4102,3d5000::

 IN EPT_LOOKUP_GPA
::4101,400000,4102,3d6000::

 IN EPT_LOOKUP_GPA
::4101,400000,4102,3d7000::

 IN EPT_LOOKUP_GPA
::4101,400000,4102,3d8000::

 IN EPT_LOOKUP_GPA
::4101,400000,4102,3d9000::

 IN EPT_LOOKUP_GPA
::4101,400000,4102,3da000::

 IN EPT_LOOKUP_GPA
::4101,400000,4102,3db000::

 IN EPT_LOOKUP_GPA
::4101,400000,4102,3dc000::

 IN EPT_LOOKUP_GPA
::4101,400000,4102,3dd000::

 IN EPT_LOOKUP_GPA
::4101,400000,4102,3de000::

 IN EPT_LOOKUP_GPA
::4101,400000,4102,3df000::

 IN EPT_LOOKUP_GPA
::4101,400000,4102,3e0000::

 IN EPT_LOOKUP_GPA
::4101,400000,4102,3e1000::

 IN EPT_LOOKUP_GPA
::4101,400000,4102,3e2000::

 IN EPT_LOOKUP_GPA
::4101,400000,4102,3e3000::

 IN EPT_LOOKUP_GPA
::4101,400000,4102,3e4000::

 IN EPT_LOOKUP_GPA
::4101,400000,4102,3e5000::

 IN EPT_LOOKUP_GPA
::4101,400000,4102,3e6000::

 IN EPT_LOOKUP_GPA
::4101,400000,4102,3e7000::

 IN EPT_LOOKUP_GPA
::4101,400000,4102,3e8000::

 IN EPT_LOOKUP_GPA
::4101,400000,4102,3e9000::

 IN EPT_LOOKUP_GPA
::4101,400000,4102,3ea000::

 IN EPT_LOOKUP_GPA
::4101,400000,4102,3eb000::

 IN EPT_LOOKUP_GPA
::4101,400000,4102,3ec000::

 IN EPT_LOOKUP_GPA
::4101,400000,4102,3ed000::

 IN EPT_LOOKUP_GPA
::4101,400000,4102,3ee000::

 IN EPT_LOOKUP_GPA
::4101,400000,4102,3ef000::

 IN EPT_LOOKUP_GPA
::4101,400000,4102,3f0000::

 IN EPT_LOOKUP_GPA
::4101,400000,4102,3f1000::

 IN EPT_LOOKUP_GPA
::4101,400000,4102,3f2000::

 IN EPT_LOOKUP_GPA
::4101,400000,4102,3f3000::

 IN EPT_LOOKUP_GPA
::4101,400000,4102,3f4000::

 IN EPT_LOOKUP_GPA
::4101,400000,4102,3f5000::

 IN EPT_LOOKUP_GPA
::4101,400000,4102,3f6000::

 IN EPT_LOOKUP_GPA
::4101,400000,4102,3f7000::

 IN EPT_LOOKUP_GPA
::4101,400000,4102,3f8000::

 IN EPT_LOOKUP_GPA
::4101,400000,4102,3f9000::

 IN EPT_LOOKUP_GPA
::4101,400000,4102,3fa000::

 IN EPT_LOOKUP_GPA
::4101,400000,4102,3fb000::

 IN EPT_LOOKUP_GPA
::4101,400000,4102,3fc000::

 IN EPT_LOOKUP_GPA
::4101,400000,4102,3fd000::

 IN EPT_LOOKUP_GPA
::4101,400000,4102,3fe000::

 IN EPT_LOOKUP_GPA
::4101,400000,4102,3ff000::

 IN EPT_LOOKUP_GPA
::4101,400000,4102,400000::

 IN EPT_LOOKUP_GPA
::4101,400000,4102,401000::

 IN EPT_LOOKUP_GPA
::4101,400000,4102,402000::

 IN EPT_LOOKUP_GPA
::4101,400000,4102,403000::

 IN EPT_LOOKUP_GPA
::4101,400000,4102,404000::

 IN EPT_LOOKUP_GPA
::4101,400000,4102,405000::

 IN EPT_LOOKUP_GPA
::4101,400000,4102,406000::

 IN EPT_LOOKUP_GPA
::4101,400000,4102,407000::

 IN EPT_LOOKUP_GPA
::4101,400000,4102,408000::

 IN EPT_LOOKUP_GPA
::4101,400000,4102,409000::

 IN EPT_LOOKUP_GPA
::4101,400000,4102,40a000::

 IN EPT_LOOKUP_GPA
::4101,400000,4102,40b000::

 IN EPT_LOOKUP_GPA
::4101,400000,4102,40c000::

 IN EPT_LOOKUP_GPA
::4101,400000,4102,40d000::

 IN EPT_LOOKUP_GPA
::4101,400000,4102,40e000::

 IN EPT_LOOKUP_GPA
::4101,400000,4102,40f000::

 IN EPT_LOOKUP_GPA
::4101,400000,4102,410000::

 IN EPT_LOOKUP_GPA
::4101,400000,4102,411000::

 IN EPT_LOOKUP_GPA
::4101,400000,4102,412000::

 IN EPT_LOOKUP_GPA
::4101,400000,4102,413000::

 IN EPT_LOOKUP_GPA
::4101,400000,4102,414000::

 IN EPT_LOOKUP_GPA
::4101,400000,4102,415000::

 IN EPT_LOOKUP_GPA
::4101,400000,4102,416000::

 IN EPT_LOOKUP_GPA
::4101,400000,4102,417000::

 IN EPT_LOOKUP_GPA
::4101,400000,4102,418000::

 IN EPT_LOOKUP_GPA
::4101,400000,4102,419000::

 IN EPT_LOOKUP_GPA
::4101,400000,4102,41a000::

 IN EPT_LOOKUP_GPA
::4101,400000,4102,41b000::

 IN EPT_LOOKUP_GPA
::4101,400000,4102,41c000::

 IN EPT_LOOKUP_GPA
::4101,400000,4102,41d000::

 IN EPT_LOOKUP_GPA
::4101,400000,4102,41e000::

 IN EPT_LOOKUP_GPA
::4101,400000,4102,41f000::

 IN EPT_LOOKUP_GPA
::4101,400000,4102,420000::

 IN EPT_LOOKUP_GPA
::4101,400000,4102,421000::

 IN EPT_LOOKUP_GPA
::4101,400000,4102,422000::

 IN EPT_LOOKUP_GPA
::4101,400000,4102,423000::

 IN EPT_LOOKUP_GPA
::4101,400000,4102,424000::

 IN EPT_LOOKUP_GPA
::4101,400000,4102,425000::

 IN EPT_LOOKUP_GPA
::4101,400000,4102,426000::

 IN EPT_LOOKUP_GPA
::4101,400000,4102,427000::

 IN EPT_LOOKUP_GPA
::4101,400000,4102,428000::

 IN EPT_LOOKUP_GPA
::4101,400000,4102,429000::

 IN EPT_LOOKUP_GPA
::4101,400000,4102,42a000::

 IN EPT_LOOKUP_GPA
::4101,400000,4102,42b000::

 IN EPT_LOOKUP_GPA
::4101,400000,4102,42c000::

 IN EPT_LOOKUP_GPA
::4101,400000,4102,42d000::

 IN EPT_LOOKUP_GPA
::4101,400000,4102,42e000::

 IN EPT_LOOKUP_GPA
::4101,400000,4102,42f000::

 IN EPT_LOOKUP_GPA
::4101,400000,4102,430000::

 IN EPT_LOOKUP_GPA
::4101,400000,4102,431000::

 IN EPT_LOOKUP_GPA
::4101,400000,4102,432000::

 IN EPT_LOOKUP_GPA
::4101,400000,4102,433000::

 IN EPT_LOOKUP_GPA
::4101,400000,4102,434000::

 IN EPT_LOOKUP_GPA
::4101,400000,4102,435000::

 IN EPT_LOOKUP_GPA
::4101,400000,4102,436000::

 IN EPT_LOOKUP_GPA
::4101,400000,4102,437000::

 IN EPT_LOOKUP_GPA
::4101,400000,4102,438000::

 IN EPT_LOOKUP_GPA
::4101,400000,4102,439000::

 IN EPT_LOOKUP_GPA
::4101,400000,4102,43a000::

 IN EPT_LOOKUP_GPA
::4101,400000,4102,43b000::

 IN EPT_LOOKUP_GPA
::4101,400000,4102,43c000::

 IN EPT_LOOKUP_GPA
::4101,400000,4102,43d000::

 IN EPT_LOOKUP_GPA
::4101,400000,4102,43e000::

 IN EPT_LOOKUP_GPA
::4101,400000,4102,43f000::

 IN EPT_LOOKUP_GPA
::4101,400000,4102,440000::

 IN EPT_LOOKUP_GPA
::4101,400000,4102,441000::

 IN EPT_LOOKUP_GPA
::4101,400000,4102,442000::

 IN EPT_LOOKUP_GPA
::4101,400000,4102,443000::

 IN EPT_LOOKUP_GPA
::4101,400000,4102,444000::

 IN EPT_LOOKUP_GPA
::4101,400000,4102,445000::

 IN EPT_LOOKUP_GPA
::4101,400000,4102,446000::

 IN EPT_LOOKUP_GPA
::4101,400000,4102,447000::

 IN EPT_LOOKUP_GPA
::4101,400000,4102,448000::

 IN EPT_LOOKUP_GPA
::4101,400000,4102,449000::

 IN EPT_LOOKUP_GPA
::4101,400000,4102,44a000::

 IN EPT_LOOKUP_GPA
::4101,400000,4102,44b000::

 IN EPT_LOOKUP_GPA
::4101,400000,4102,44c000::

 IN EPT_LOOKUP_GPA
::4101,400000,4102,44d000::

 IN EPT_LOOKUP_GPA
::4101,400000,4102,44e000::

 IN EPT_LOOKUP_GPA
::4101,400000,4102,44f000::

 IN EPT_LOOKUP_GPA
::4101,400000,4102,450000::

 IN EPT_LOOKUP_GPA
::4101,400000,4102,451000::

 IN EPT_LOOKUP_GPA
::4101,400000,4102,452000::

 IN EPT_LOOKUP_GPA
::4101,400000,4102,453000::

 IN EPT_LOOKUP_GPA
::4101,400000,4102,454000::

 IN EPT_LOOKUP_GPA
::4101,400000,4102,455000::

 IN EPT_LOOKUP_GPA
::4101,400000,4102,456000::

 IN EPT_LOOKUP_GPA
::4101,400000,4102,457000::

 IN EPT_LOOKUP_GPA
::4101,400000,4102,458000::

 IN EPT_LOOKUP_GPA
::4101,400000,4102,459000::

 IN EPT_LOOKUP_GPA
::4101,400000,4102,45a000::

 IN EPT_LOOKUP_GPA
::4101,400000,4102,45b000::

 IN EPT_LOOKUP_GPA
::4101,400000,4102,45c000::

 IN EPT_LOOKUP_GPA
::4101,400000,4102,45d000::

 IN EPT_LOOKUP_GPA
::4101,400000,4102,45e000::

 IN EPT_LOOKUP_GPA
::4101,400000,4102,45f000::

 IN EPT_LOOKUP_GPA
::4101,400000,4102,460000::

 IN EPT_LOOKUP_GPA
::4101,400000,4102,461000::

 IN EPT_LOOKUP_GPA
::4101,400000,4102,462000::

 IN EPT_LOOKUP_GPA
::4101,400000,4102,463000::

 IN EPT_LOOKUP_GPA
::4101,400000,4102,464000::

 IN EPT_LOOKUP_GPA
::4101,400000,4102,465000::

 IN EPT_LOOKUP_GPA
::4101,400000,4102,466000::

 IN EPT_LOOKUP_GPA
::4101,400000,4102,467000::

 IN EPT_LOOKUP_GPA

 IN EPT_LOOKUP_GPA

 IN EPT_LOOKUP_GPA

 IN EPT_LOOKUP_GPA

 IN EPT_LOOKUP_GPA

 IN EPT_LOOKUP_GPA

 IN EPT_LOOKUP_GPA

 IN EPT_LOOKUP_GPA

 IN EPT_LOOKUP_GPA

 IN EPT_LOOKUP_GPA

 IN EPT_LOOKUP_GPA

 IN EPT_LOOKUP_GPA

 IN EPT_LOOKUP_GPA

 IN EPT_LOOKUP_GPA

 IN EPT_LOOKUP_GPA

 IN EPT_LOOKUP_GPA

 IN EPT_LOOKUP_GPA

 IN EPT_LOOKUP_GPA

 IN EPT_LOOKUP_GPA

 IN EPT_LOOKUP_GPA

 IN EPT_LOOKUP_GPA

 IN EPT_LOOKUP_GPA

 IN EPT_LOOKUP_GPA

 IN EPT_LOOKUP_GPA

 IN EPT_LOOKUP_GPA

 IN EPT_LOOKUP_GPA

 IN EPT_LOOKUP_GPA

 IN EPT_LOOKUP_GPA

 IN EPT_LOOKUP_GPA

 IN EPT_LOOKUP_GPA

 IN EPT_LOOKUP_GPA

 IN EPT_LOOKUP_GPA

 IN EPT_LOOKUP_GPA

 IN EPT_LOOKUP_GPA

 IN EPT_LOOKUP_GPA

 IN EPT_LOOKUP_GPA

 IN EPT_LOOKUP_GPA

 IN EPT_LOOKUP_GPA

 IN EPT_LOOKUP_GPA

 IN EPT_LOOKUP_GPA

 IN EPT_LOOKUP_GPA

 IN EPT_LOOKUP_GPA

 IN EPT_LOOKUP_GPA

 IN EPT_LOOKUP_GPA

 IN EPT_LOOKUP_GPA

 IN EPT_LOOKUP_GPA

 IN EPT_LOOKUP_GPA

 IN EPT_LOOKUP_GPA

 IN EPT_LOOKUP_GPA

 IN EPT_LOOKUP_GPA

 IN EPT_LOOKUP_GPA

 IN EPT_LOOKUP_GPA

 IN EPT_LOOKUP_GPA

 IN EPT_LOOKUP_GPA

 IN EPT_LOOKUP_GPA

 IN EPT_LOOKUP_GPA

 IN EPT_LOOKUP_GPA

 IN EPT_LOOKUP_GPA

 IN EPT_LOOKUP_GPA

 IN EPT_LOOKUP_GPA

 IN EPT_LOOKUP_GPA

 IN EPT_LOOKUP_GPA

 IN EPT_LOOKUP_GPA

 IN EPT_LOOKUP_GPA

 IN EPT_LOOKUP_GPA

 IN EPT_LOOKUP_GPA

 IN EPT_LOOKUP_GPA

 IN EPT_LOOKUP_GPA

 IN EPT_LOOKUP_GPA

 IN EPT_LOOKUP_GPA

 IN EPT_LOOKUP_GPA

 IN EPT_LOOKUP_GPA

 IN EPT_LOOKUP_GPA

 IN EPT_LOOKUP_GPA

 IN EPT_LOOKUP_GPA

 IN EPT_LOOKUP_GPA

 IN EPT_LOOKUP_GPA

 IN EPT_LOOKUP_GPA

 IN EPT_LOOKUP_GPA

 IN EPT_LOOKUP_GPA

 IN EPT_LOOKUP_GPA

 IN EPT_LOOKUP_GPA

 IN EPT_LOOKUP_GPA

 IN EPT_LOOKUP_GPA

 IN EPT_LOOKUP_GPA

 IN EPT_LOOKUP_GPA

 IN EPT_LOOKUP_GPA

 IN EPT_LOOKUP_GPA

 IN EPT_LOOKUP_GPA

 IN EPT_LOOKUP_GPA

 IN EPT_LOOKUP_GPA

 IN EPT_LOOKUP_GPA

 IN EPT_LOOKUP_GPA

 IN EPT_LOOKUP_GPA

 IN EPT_LOOKUP_GPA

 IN EPT_LOOKUP_GPA

 IN EPT_LOOKUP_GPA

 IN EPT_LOOKUP_GPA

 IN EPT_LOOKUP_GPA

 IN EPT_LOOKUP_GPA

 IN EPT_LOOKUP_GPA

 IN EPT_LOOKUP_GPA

 IN EPT_LOOKUP_GPA

 IN EPT_LOOKUP_GPA

 IN EPT_LOOKUP_GPA

 IN EPT_LOOKUP_GPA

 IN EPT_LOOKUP_GPA

 IN EPT_LOOKUP_GPA

 IN EPT_LOOKUP_GPA

 IN EPT_LOOKUP_GPA

 IN EPT_LOOKUP_GPA

 IN EPT_LOOKUP_GPA

 IN EPT_LOOKUP_GPA

 IN EPT_LOOKUP_GPA

 IN EPT_LOOKUP_GPA

 IN EPT_LOOKUP_GPA

 IN EPT_LOOKUP_GPA

 IN EPT_LOOKUP_GPA

 IN EPT_LOOKUP_GPA

 IN EPT_LOOKUP_GPA

 IN EPT_LOOKUP_GPA

 IN EPT_LOOKUP_GPA

 IN EPT_LOOKUP_GPA

 IN EPT_LOOKUP_GPA

 IN EPT_LOOKUP_GPA

 IN EPT_LOOKUP_GPA

 IN EPT_LOOKUP_GPA

 IN EPT_LOOKUP_GPA

 IN EPT_LOOKUP_GPA

 IN EPT_LOOKUP_GPA

 IN EPT_LOOKUP_GPA

 IN EPT_LOOKUP_GPA

 IN EPT_LOOKUP_GPA

 IN EPT_LOOKUP_GPA
BOOT146
gpa :7000memsz 512filesz 512::4101,400000,4102,7000::

 IN EPT_LOOKUP_GPA

 BOOTLOADER DONE 
:145
11

  IN ECX :2028

 VM SUPPORT CHECK PASS 
VMXON
VMRUN
END OF VMRUN
---VMEXIT Reason: 18 :               12---
e820 map hypercall not implemented

 Before YIELD
