6828 decimal is 15254 octal!

e820 MEMORY MAP
size: 20, address: 0x0000000000000000, length: 0x000000000009f000, type: 1
size: 20, address: 0x000000000009f000, length: 0x0000000000001000, type: 2
size: 20, address: 0x00000000000e8000, length: 0x0000000000018000, type: 2
size: 20, address: 0x0000000000100000, length: 0x0000000007ef0000, type: 1
size: 20, address: 0x0000000007ff0000, length: 0x0000000000010000, type: 3
size: 20, address: 0x00000000fffc0000, length: 0x0000000000040000, type: 2

Physical memory: 128M available, base = 636K, extended = 130048K, npages = 32768
check_page_alloc() succeeded!
page_check() succeeded!
check_boot_pml4e() succeeded!
Abhiroop:178:kern/mpconfig.c:
Abhiroop:140:kern/mpconfig.c:
Abhiroop:111:kern/mpconfig.c:
Abhiroop:87:kern/mpconfig.c:
Abhiroop:87:kern/mpconfig.c:
SMP: too many CPUs, CPU 0 disabled
SMP: CPU 0 found 1 CPU(s)
enabled interrupts: 1 2 4
PCI: 00:00.0: 8086:1237: class: 8000000006.8000000000 (Bridge device) irq: 549755813888
PCI: 00:01.0: 8086:7000: class: 8000000006.8000000001 (Bridge device) irq: 549755813888
PCI: 00:01.1: 8086:7010: class: 8000000001.8000000001 (Storage controller) irq: 549755813888
PCI: 00:01.3: 8086:7113: class: 8000000006.8000000080 (Bridge device) irq: 549755813897
PCI: 00:02.0: 8086:100e: class: 8000000002.8000000000 (Network controller) irq: 549755813897
PCI function 00:02.0 (8086:100e) enabled
[00000000] new env 00001000
[00000000] new env 00001001
[00000000] new env 00001002
[00000000] new env 00001003
CURENV:0
In IDLE
FS is running
FS can do I/O
Device 1 presence: 1
block cache is good
superblock is good
bitmap is good
SERVINF NET NOW 
[00001002] new env 00001004
icode startup
icode: open /motd
icode: read /motd
Writing MOTD
This is /motd, the message of the day.

Welcome to the JOS kernel, now with a file system!

:147
[00001002] new env 00001005
icode: close /motd
icode: spawn /sbin/init
:147
[00001002] new env 00001006
[00001003] new env 00001007
:147
ns: 52:54:00:12:34:56 bound to static IP 10.0.2.15
NS: TCP/IP initialized.

 IN E1000 transmit 

 DATA :0xb5a004:42
DABRAL:116:kern/e1000.c

 DATA od LEN=[60]=[82 84 0 18 52 86 82 84 0 18 52 85 8 6 0 1 8 0 6 4 0 2 82 84 0 18 52 85 10 0 2 2 82 84 0 18 52 86 10 0 2 15 0 0 0 0 0 0 0 0 0 0 0 0 0 0 0 0 0 0 ]
:147
icode: exiting
[00001003] exiting gracefully
[00001003] free env 00001003
CURENV:0
init: running
init: data seems okay
init: bss seems okay
init: args: 'init' 'initarg1' 'initarg2'
init: running sh
init: starting sh
[00001007] new env 00002003
:147
init waiting
11
$ vmm
[00002003] new env 00001008
:147
11
[00001008] new env 00001009
:147
11

 Making guest environment 

 IN ENV_GUEST_ALLOC 

 AFTER CREATING VMM ENV 
BOOT147
:147
11
VMXON
6828 decimal is 15254 octal!
VMX extension hidden from guest.

e820 MEMORY MAP
size: 20, base_addr_high : 0, base_addr_low : 0, length_high : 0, length_low : a0000,   type : 549755813889 

size: 20, base_addr_high : 0, base_addr_low : a0000, length_high : 0, length_low : 60000,   type : 549755813890 

size: 20, base_addr_high : 0, base_addr_low : 100000, length_high : 0, length_low : f00000,   type : 549755813889 


Physical memory: 16M available, base = 640K, extended = 15360K, npages = 4096
check_page() succeeded!
check_boot_pml4e() succeeded!
ABHIROOP:142:kern/mpconfig.c
ABHIROOP:112:kern/mpconfig.c
ABHIROOP:87:kern/mpconfig.c
ABHIROOP:90:kern/mpconfig.c
ABHIROOP:129:kern/mpconfig.c
ABHIROOP:87:kern/mpconfig.c
ABHIROOP:90:kern/mpconfig.c
SMP: CPU 0 found 2 CPU(s)
Lapic address in GUest:fee00000
enabled interrupts: 1 2 4
PCI: 00:00.0: 8086:1237: class: 8000000006.8000000000 (Bridge device) irq: 549755813888
PCI: 00:01.0: 8086:7000: class: 8000000006.8000000001 (Bridge device) irq: 549755813888
PCI: 00:01.1: 8086:7010: class: 8000000001.8000000001 (Storage controller) irq: 549755813888
PCI: 00:01.3: 8086:7113: class: 8000000006.8000000080 (Bridge device) irq: 549755813897
PCI: 00:02.0: 8086:100e: class: 8000000002.8000000000 (Network controller) irq: 549755813897
hello, world
i am environment 00001001
FS is running
FS can do I/O
block cache is good
superblock is good
bitmap is good
STARTING HTTPD SERVER IN GUEST 

 DATA in VMEXIST  of len=[60]=[82 84 0 18 52 86 82 84 0 18 52 85 8 6 0 1 8 0 6 4 0 2 82 84 0 18 52 85 10 0 2 2 82 84 0 18 52 86 10 0 2 15 0 0 0 0 0 0 0 0 0 0 0 0 0 0 0 0 0 0 ]
82 84 0 18 52 86 82 84 0 18 52 85 8 6 0 1 8 0 6 4 0 2 82 84 0 18 52 85 10 0 2 2 82 84 0 18 52 86 10 0 2 15 0 0 0 0 0 0 0 0 0 0 0 0 0 0 0 0 0 0 ]
DABRAL:94:net/input.c

 LEN AFTER UPDATE is :60
DABRAL:98:net/input.c
DABRAL:102:net/input.c
ns: 52:54:00:12:34:56 bound to static IP 10.0.2.18
NS: TCP/IP initialized.

 IN GUEST NET SEND :0x8000000:
DATA IS LEN IS: 0xf75000:42

 IN E1000 transmit 

 DATA :0x800b378000:42
DABRAL:116:kern/e1000.c

 DATA od LEN=[60]=[82 84 0 18 52 86 82 84 0 18 52 85 8 6 0 1 8 0 6 4 0 2 82 84 0 18 52 85 10 0 2 2 82 84 0 18 52 86 10 0 2 18 0 0 0 0 0 0 0 0 0 0 0 0 0 0 0 0 0 0 ]
RET IN TRANSMIT _GUEST:0:
SERV IP CK:0:
PORT SERC:20480:
Waiting for http connections... IN GUEST

 DATA in VMEXIST  of len=[60]=[82 84 0 18 52 86 82 84 0 18 52 85 8 6 0 1 8 0 6 4 0 2 82 84 0 18 52 85 10 0 2 2 82 84 0 18 52 86 10 0 2 18 0 0 0 0 0 0 0 0 0 0 0 0 0 0 0 0 0 0 ]
82 84 0 18 52 86 82 84 0 18 52 85 8 6 0 1 8 0 6 4 0 2 82 84 0 18 52 85 10 0 2 2 82 84 0 18 52 86 10 0 2 18 0 0 0 0 0 0 0 0 0 0 0 0 0 0 0 0 0 0 ]
DABRAL:94:net/input.c

 LEN AFTER UPDATE is :60
DABRAL:98:net/input.c
DABRAL:102:net/input.c

 DATA od LEN=[60]=[82 84 0 18 52 86 82 84 0 18 52 85 8 0 69 0 0 44 76 66 0 0 64 6 129 79 130 245 30 52 10 0 2 18 196 14 0 80 0 141 154 1 0 0 0 0 96 2 34 56 105 198 0 0 2 4 5 180 0 0 ]

 DATA in VMEXIST  of len=[60]=[82 84 0 18 52 86 82 84 0 18 52 85 8 0 69 0 0 44 76 66 0 0 64 6 4294967169 79 4294967170 4294967285 30 52 10 0 2 18 4294967236 14 0 80 0 4294967181 4294967194 1 0 0 0 0 96 2 34 56 105 4294967238 0 0 2 4 5 4294967220 0 0 ]
82 84 0 18 52 86 82 84 0 18 52 85 8 0 69 0 0 44 76 66 0 0 64 6 4294967169 79 4294967170 4294967285 30 52 10 0 2 18 4294967236 14 0 80 0 4294967181 4294967194 1 0 0 0 0 96 2 34 56 105 4294967238 0 0 2 4 5 4294967220 0 0 ]
DABRAL:94:net/input.c

 LEN AFTER UPDATE is :60
DABRAL:98:net/input.c
DABRAL:102:net/input.c
HEADR SIZE INCREMENT IN LWIP:4294967282:P LEN IS :60:
HEADR SIZE INCREMENT IN LWIP:4294967276:P LEN IS :44:
HEADR SIZE INCREMENT IN LWIP:4294967272:P LEN IS :24:
HEADR SIZE INCREMENT IN LWIP:20:P LEN IS :4:
HEADR SIZE INCREMENT IN LWIP:20:P LEN IS :24:
HEADR SIZE INCREMENT IN LWIP:14:P LEN IS :44:

 IN GUEST NET SEND :0x8000000:
DATA IS LEN IS: 0xf75000:58

 IN E1000 transmit 

 DATA :0x800b378000:58
DABRAL:116:kern/e1000.c

 DATA od LEN=[60]=[82 84 0 18 52 86 82 84 0 18 52 85 8 0 69 0 0 40 76 67 0 0 64 6 129 82 130 245 30 52 10 0 2 18 196 14 0 80 0 141 154 2 0 0 25 113 80 16 34 56 104 2 0 0 0 0 0 0 0 0 ]

 DATA od LEN=[357]=[82 84 0 18 52 86 82 84 0 18 52 85 8 0 69 0 1 87 76 68 0 0 64 6 128 34 130 245 30 52 10 0 2 18 196 14 0 80 0 141 154 2 0 0 25 113 80 24 34 56 143 82 0 0 71 69 84 32 47 105 110 100 101 120 46 104 116 109 108 32 72 84 84 80 47 49 46 49 13 10 72 111 115 116 58 32 108 111 99 97 108 104 111 115 116 58 50 54 48 48 54 13 10 85 115 101 114 45 65 103 101 110 116 58 32 77 111 122 105 108 108 97 47 53 46 48 32 40 88 49 49 59 32 85 98 117 110 116 117 59 32 76 105 110 117 120 32 120 56 54 95 54 52 59 32 114 118 58 50 54 46 48 41 32 71 101 99 107 111 47 50 48 49 48 48 49 48 49 32 70 105 114 101 102 111 120 47 50 54 46 48 13 10 65 99 99 101 112 116 58 32 116 101 120 116 47 104 116 109 108 44 97 112 112 108 105 99 97 116 105 111 110 47 120 104 116 109 108 43 120 109 108 44 97 112 112 108 105 99 97 116 105 111 110 47 120 109 108 59 113 61 48 46 57 44 42 47 42 59 113 61 48 46 56 13 10 65 99 99 101 112 116 45 76 97 110 103 117 97 103 101 58 32 101 110 45 85 83 44 101 110 59 113 61 48 46 53 13 10 65 99 99 101 112 116 45 69 110 99 111 100 105 110 103 58 32 103 122 105 112 44 32 100 101 102 108 97 116 101 13 10 67 111 110 110 101 99 116 105 111 110 58 32 107 101 101 112 45 97 108 105 118 101 13 10 13 10 ]
RET IN TRANSMIT _GUEST:0:

 DATA in VMEXIST  of len=[60]=[82 84 0 18 52 86 82 84 0 18 52 85 8 0 69 0 0 40 76 67 0 0 64 6 4294967169 82 4294967170 4294967285 30 52 10 0 2 18 4294967236 14 0 80 0 4294967181 4294967194 2 0 0 25 113 80 16 34 56 104 2 0 0 0 0 0 0 0 0 ]
82 84 0 18 52 86 82 84 0 18 52 85 8 0 69 0 0 40 76 67 0 0 64 6 4294967169 82 4294967170 4294967285 30 52 10 0 2 18 4294967236 14 0 80 0 4294967181 4294967194 2 0 0 25 113 80 16 34 56 104 2 0 0 0 0 0 0 0 0 ]
DABRAL:94:net/input.c

 LEN AFTER UPDATE is :60
DABRAL:98:net/input.c
DABRAL:102:net/input.c

 DATA in VMEXIST  of len=[357]=[82 84 0 18 52 86 82 84 0 18 52 85 8 0 69 0 1 87 76 68 0 0 64 6 4294967168 34 4294967170 4294967285 30 52 10 0 2 18 4294967236 14 0 80 0 4294967181 4294967194 2 0 0 25 113 80 24 34 56 4294967183 82 0 0 71 69 84 32 47 105 110 100 101 120 46 104 116 109 108 32 72 84 84 80 47 49 46 49 13 10 72 111 115 116 58 32 108 111 99 97 108 104 111 115 116 58 50 54 48 48 54 13 10 85 115 101 114 45 65 103 101 110 116 58 32 77 111 122 105 108 108 97 47 53 46 48 32 40 88 49 49 59 32 85 98 117 110 116 117 59 32 76 105 110 117 120 32 120 56 54 95 54 52 59 32 114 118 58 50 54 46 48 41 32 71 101 99 107 111 47 50 48 49 48 48 49 48 49 32 70 105 114 101 102 111 120 47 50 54 46 48 13 10 65 99 99 101 112 116 58 32 116 101 120 116 47 104 116 109 108 44 97 112 112 108 105 99 97 116 105 111 110 47 120 104 116 109 108 43 120 109 108 44 97 112 112 108 105 99 97 116 105 111 110 47 120 109 108 59 113 61 48 46 57 44 42 47 42 59 113 61 48 46 56 13 10 65 99 99 101 112 116 45 76 97 110 103 117 97 103 101 58 32 101 110 45 85 83 44 101 110 59 113 61 48 46 53 13 10 65 99 99 101 112 116 45 69 110 99 111 100 105 110 103 58 32 103 122 105 112 44 32 100 101 102 108 97 116 101 13 10 67 111 110 110 101 99 116 105 111 110 58 32 107 101 101 112 45 97 108 105 118 101 13 10 13 10 ]
82 84 0 18 52 HEADR SIZE INCREMENT IN LWIP:4294967282:P LEN IS :60:
HEADR SIZE INCREMENT IN LWIP:4294967276:P LEN IS :40:
HEADR SIZE INCREMENT IN LWIP:4294967276:P LEN IS :20:
86 82 84 0 18 52 85 8 0 69 0 1 87 76 68 0 0 64 6 4294967168 34 4294967170 4294967285 30 52 10 0 2 18 4294967236 14 0 80 0 4294967181 4294967194 2 0 0 25 113 80 24 34 56 4294967183 82 0 0 71 69 84 32 47 105 110 100 101 120 46 104 116 109 108 32 72 84 84 80 47 49 46 49 13 10 72 111 115 116 58 32 108 111 99 97 108 104 111 115 116 58 50 54 48 48 54 13 10 85 115 101 114 45 65 103 101 110 116 58 32 77 111 122 105 108 108 97 47 53 46 48 32 40 88 49 49 59 32 85 98 117 110 116 117 59 32 76 105 110 117 120 32 120 56 54 95 54 52 59 32 114 118 58 50 54 46 48 41 32 71 101 99 107 111 47 50 48 49 48 48 49 48 49 32 70 105 114 101 102 111 120 47 50 54 46 48 13 10 65 99 99 101 112 116 58 32 116 101 120 116 47 104 116 109 108 44 97 112 112 108 105 99 97 116 105 111 110 47 120 104 116 109 108 43 120 109 108 44 97 112 112 108 105 99 97 116 105 111 110 47 120 109 108 59 113 61 48 46 57 44 42 47 42 59 113 61 48 46 56 13 10 65 99 99 101 112 116 45 76 97 110 103 117 97 103 101 58 32 101 110 45 85 83 44 101 110 59 113 61 48 46 53 13 10 65 99 99 101 112 116 45 69 110 99 111 100 105 110 103 58 32 103 122 105 112 44 32 100 101 102 108 97 116 101 13 10 67 111 110 110 101 99 116 105 111 110 58 32 107 101 101 112 45 97 108 105 118 101 13 10 13 10 ]
DABRAL:94:net/input.c

 LEN AFTER UPDATE is :357
DABRAL:98:net/input.c
DABRAL:102:net/input.c
HEADR SIZE INCREMENT IN LWIP:4294967282:P LEN IS :357:
HEADR SIZE INCREMENT IN LWIP:4294967276:P LEN IS :343:
HEADR SIZE INCREMENT IN LWIP:4294967276:P LEN IS :323:
HEADR SIZE INCREMENT IN LWIP:20:P LEN IS :20:
HEADR SIZE INCREMENT IN LWIP:14:P LEN IS :40:

 IN GUEST NET SEND :0x8000000:
DATA IS LEN IS: 0xf75000:54

 IN E1000 transmit 

 DATA :0x800b378000:54
DABRAL:116:kern/e1000.c
RET IN TRANSMIT _GUEST:0:
HEADR SIZE INCREMENT IN LWIP:20:P LEN IS :37:
HEADR SIZE INCREMENT IN LWIP:20:P LEN IS :57:
HEADR SIZE INCREMENT IN LWIP:14:P LEN IS :77:

 IN GUEST NET SEND :0x8000000:
DATA IS LEN IS: 0xf75000:91

 IN E1000 transmit 

 DATA :0x800b378000:91
DABRAL:116:kern/e1000.c
RET IN TRANSMIT _GUEST:0:
HEADR SIZE INCREMENT IN LWIP:20:P LEN IS :21:
HEADR SIZE INCREMENT IN LWIP:20:P LEN IS :25:
HEADR SIZE INCREMENT IN LWIP:4294967276:P LEN IS :45:

 DATA od LEN=[60]=[82 84 0 18 52 86 82 84 0 18 52 85 8 0 69 0 0 40 76 69 0 0 64 6 129 80 130 245 30 52 10 0 2 18 196 14 0 80 0 141 155 49 0 0 25 150 80 16 34 56 102 174 0 0 0 0 0 0 0 0 ]
HEADR SIZE INCREMENT IN LWIP:20:P LEN IS :2:
HEADR SIZE INCREMENT IN LWIP:4294967276:P LEN IS :22:

 DATA in VMEXIST  of len=[60]=[82 84 0 18 52 86 82 84 0 18 52 85 8 0 69 0 0 40 76 69 0 0 64 6 4294967169 80 4294967170 4294967285 30 52 10 0 2 18 4294967236 14 0 80 0 4294967181 4294967195 49 0 0 25 4294967190 80 16 34 56 102 4294967214 0 0 0 0 0 0 0 0 ]
82 84 0 18 52 86 82 84 0 18 52 85 8 0 69 0 0 40 76 69 0 0 64 6 4294967169 80 4294967170 4294967285 30 52 10 0 2 18 4294967236 14 0 80 0 4294967181 4294967195 49 0 0 25 4294967190 80 16 34 56 102 4294967214 0 0 0 0 0 0 0 0 ]
DABRAL:94:net/input.c

 LEN AFTER UPDATE is :60
DABRAL:98:net/input.c
DABRAL:102:net/input.c
HEADR SIZE INCREMENT IN LWIP:4294967282:P LEN IS :60:
HEADR SIZE INCREMENT IN LWIP:4294967276:P LEN IS :40:
HEADR SIZE INCREMENT IN LWIP:4294967276:P LEN IS :20:
HEADR SIZE INCREMENT IN LWIP:20:P LEN IS :41:
HEADR SIZE INCREMENT IN LWIP:14:P LEN IS :61:

 IN GUEST NET SEND :0x8000000:
DATA IS LEN IS: 0xf75000:102

 IN E1000 transmit 

 DATA :0x800b378000:102
DABRAL:116:kern/e1000.c
RET IN TRANSMIT _GUEST:0:
HEADR SIZE INCREMENT IN LWIP:20:P LEN IS :238:
HEADR SIZE INCREMENT IN LWIP:20:P LEN IS :0:
HEADR SIZE INCREMENT IN LWIP:20:P LEN IS :258:
HEADR SIZE INCREMENT IN LWIP:14:P LEN IS :278:
HEADR SIZE INCREMENT IN LWIP:20:P LEN IS :20:
HEADR SIZE INCREMENT IN LWIP:14:P LEN IS :40:

 IN GUEST NET SEND :0x8000000:
DATA IS LEN IS: 0xf75000:292

 IN E1000 transmit 

 DATA :0x800b378000:292
DABRAL:116:kern/e1000.c

 DATA od LEN=[60]=[82 84 0 18 52 86 82 84 0 18 52 85 8 0 69 0 0 40 76 70 0 0 64 6 129 79 130 245 30 52 10 0 2 18 196 14 0 80 0 141 155 49 0 0 26 180 80 17 34 56 101 143 0 0 0 0 0 0 0 0 ]
RET IN TRANSMIT _GUEST:0:

 DATA in VMEXIST  of len=[60]=[82 84 0 18 52 86 82 84 0 18 52 85 8 0 69 0 0 40 76 70 0 0 64 6 4294967169 79 4294967170 4294967285 30 52 10 0 2 18 4294967236 14 0 80 0 4294967181 4294967195 49 0 0 26 4294967220 80 17 34 56 101 4294967183 0 0 0 0 0 0 0 0 ]
82 84 0 18 52 86 82 84 0 18 52 85 8 0 69 0 0 40 76 70 0 0 64 6 4294967169 79 4294967170 4294967285 30 52 10 0 2 18 4294967236 14 0 80 0 4294967181 4294967195 49 0 0 26 4294967220 80 17 34 56 101 4294967183 0 0 0 0 0 0 0 0 ]
DABRAL:94:net/input.c

 LEN AFTER UPDATE is :60
DABRAL:98:net/input.c
DABRAL:102:net/input.c

 IN GUEST NET SEND :0x8000000:
DATA IS LEN IS: 0xf75000:54

 IN E1000 transmit 

 DATA :0x800b378000:54
DABRAL:116:kern/e1000.c

 DATA od LEN=[60]=[82 84 0 18 52 86 82 84 0 18 52 85 8 0 69 0 0 40 76 71 0 0 64 6 129 78 130 245 30 52 10 0 2 18 196 14 0 80 0 141 155 49 0 0 26 181 80 17 34 56 101 142 0 0 0 0 0 0 0 0 ]
RET IN TRANSMIT _GUEST:0:

 DATA in VMEXIST  of len=[60]=[82 84 0 18 52 86 82 84 0 18 52 85 8 0 69 0 0 40 76 71 0 0 64 6 4294967169 78 4294967170 4294967285 30 52 10 0 2 18 4294967236 14 0 80 0 4294967181 4294967195 49 0 0 26 4294967221 80 17 34 56 101 4294967182 0 0 0 0 0 0 0 0 ]
82 84 0 18 52 86 82 84 0 18 52 85 8 0 69 0 0 40 76 71 0 0 64 6 4294967169 78 4294967170 4294967285 30 52 10 0 2 18 4294967236 14 0 80 0 4294967181 4294967195 49 0 0 26 4294967221 80 17 34 56 101 4294967182 0 0 0 0 0 0 0 0 ]
DABRAL:94:net/input.c

 LEN AFTER UPDATE is :60
DABRAL:98:net/input.c
DABRAL:102:net/input.c

 DATA od LEN=[60]=[82 84 0 18 52 86 82 84 0 18 52 85 8 0 69 0 0 44 76 72 0 0 64 6 129 73 130 245 30 52 10 0 2 18 196 15 0 80 0 150 100 1 0 0 0 0 96 2 34 56 159 188 0 0 2 4 5 180 0 0 ]
HEADR SIZE INCREMENT IN LWIP:4294967282:P LEN IS :60:
HEADR SIZE INCREMENT IN LWIP:4294967276:P LEN IS :40:
HEADR SIZE INCREMENT IN LWIP:4294967276:P LEN IS :20:
HEADR SIZE INCREMENT IN LWIP:20:P LEN IS :20:
HEADR SIZE INCREMENT IN LWIP:14:P LEN IS :40:

 DATA in VMEXIST  of len=[60]=[82 84 0 18 52 86 82 84 0 18 52 85 8 0 69 0 0 44 76 72 0 0 64 6 4294967169 73 4294967170 4294967285 30 52 10 0 2 18 4294967236 15 0 80 0 4294967190 100 1 0 0 0 0 96 2 34 56 4294967199 4294967228 0 0 2 4 5 4294967220 0 0 ]
82 84 0 18 52 86 82 84 0 18 52 85 8 0 69 0 0 44 76 72 0 0 64 6 4294967169 73 4294967170 4294967285 30 52 10 0 2 18 4294967236 15 0 80 0 4294967190 100 1 0 0 0 0 96 2 34 56 4294967199 4294967228 0 0 2 4 5 4294967220 0 0 ]
DABRAL:94:net/input.c

 LEN AFTER UPDATE is :60
DABRAL:98:net/input.c
DABRAL:102:net/input.c

 IN GUEST NET SEND :0x8000000:
DATA IS LEN IS: 0xf75000:54

 IN E1000 transmit 

 DATA :0x800b378000:54
DABRAL:116:kern/e1000.c

 DATA od LEN=[60]=[82 84 0 18 52 86 82 84 0 18 52 85 8 0 69 0 0 40 76 73 0 0 64 6 129 76 130 245 30 52 10 0 2 18 196 14 0 80 0 141 155 49 0 0 26 181 80 17 34 56 101 142 0 0 0 0 0 0 0 0 ]
RET IN TRANSMIT _GUEST:0:
HEADR SIZE INCREMENT IN LWIP:4294967282:P LEN IS :60:
HEADR SIZE INCREMENT IN LWIP:4294967276:P LEN IS :40:
HEADR SIZE INCREMENT IN LWIP:4294967276:P LEN IS :20:
HEADR SIZE INCREMENT IN LWIP:20:P LEN IS :20:
HEADR SIZE INCREMENT IN LWIP:14:P LEN IS :40:

 DATA in VMEXIST  of len=[60]=[82 84 0 18 52 86 82 84 0 18 52 85 8 0 69 0 0 40 76 73 0 0 64 6 4294967169 76 4294967170 4294967285 30 52 10 0 2 18 4294967236 14 0 80 0 4294967181 4294967195 49 0 0 26 4294967221 80 17 34 56 101 4294967182 0 0 0 0 0 0 0 0 ]
82 84 0 18 52 86 82 84 0 18 52 85 8 0 69 0 0 40 76 73 0 0 64 6 4294967169 76 4294967170 4294967285 30 52 10 0 2 18 4294967236 14 0 80 0 4294967181 4294967195 49 0 0 26 4294967221 80 17 34 56 101 4294967182 0 0 0 0 0 0 0 0 ]
DABRAL:94:net/input.c

 LEN AFTER UPDATE is :60
DABRAL:98:net/input.c
DABRAL:102:net/input.c

 IN GUEST NET SEND :0x8000000:
DATA IS LEN IS: 0xf75000:54

 IN E1000 transmit 

 DATA :0x800b378000:54
DABRAL:116:kern/e1000.c
RET IN TRANSMIT _GUEST:0:
HEADR SIZE INCREMENT IN LWIP:4294967282:P LEN IS :60:
HEADR SIZE INCREMENT IN LWIP:4294967276:P LEN IS :44:
HEADR SIZE INCREMENT IN LWIP:4294967272:P LEN IS :24:
HEADR SIZE INCREMENT IN LWIP:20:P LEN IS :4:
HEADR SIZE INCREMENT IN LWIP:20:P LEN IS :24:
HEADR SIZE INCREMENT IN LWIP:14:P LEN IS :44:

 DATA od LEN=[60]=[82 84 0 18 52 86 82 84 0 18 52 85 8 0 69 0 0 40 76 74 0 0 64 6 129 75 130 245 30 52 10 0 2 18 196 14 0 80 0 141 155 49 0 0 26 181 80 17 34 56 101 142 0 0 0 0 0 0 0 0 ]

 DATA in VMEXIST  of len=[60]=[82 84 0 18 52 86 82 84 0 18 52 85 8 0 69 0 0 40 76 74 0 0 64 6 4294967169 75 4294967170 4294967285 30 52 10 0 2 18 4294967236 14 0 80 0 4294967181 4294967195 49 0 0 26 4294967221 80 17 34 56 101 4294967182 0 0 0 0 0 0 0 0 ]
82 84 0 18 52 86 82 84 0 18 52 85 8 0 69 0 0 40 76 74 0 0 64 6 4294967169 75 4294967170 4294967285 30 52 10 0 2 18 4294967236 14 0 80 0 4294967181 4294967195 49 0 0 26 4294967221 80 17 34 56 101 4294967182 0 0 0 0 0 0 0 0 ]
DABRAL:94:net/input.c

 LEN AFTER UPDATE is :60
DABRAL:98:net/input.c
DABRAL:102:net/input.c

 IN GUEST NET SEND :0x8000000:
DATA IS LEN IS: 0xf75000:58

 IN E1000 transmit 

 DATA :0x800b378000:58
DABRAL:116:kern/e1000.c

 DATA od LEN=[60]=[82 84 0 18 52 86 82 84 0 18 52 85 8 0 69 0 0 40 76 75 0 0 64 6 129 74 130 245 30 52 10 0 2 18 196 15 0 80 0 150 100 2 0 0 25 114 80 16 34 56 157 247 0 0 0 0 0 0 0 0 ]

 DATA od LEN=[328]=[82 84 0 18 52 86 82 84 0 18 52 85 8 0 69 0 0 40 76 75 0 0 64 6 129 74 130 245 30 52 10 0 2 18 196 15 0 80 0 150 100 2 0 0 25 114 80 16 34 56 157 247 0 0 0 0 0 0 0 0 0 0 0 0 0 0 0 0 0 0 0 0 0 233 189 51 208 26 234 195 255 15 0 0 0 0 0 0 19 0 0 0 0 0 0 0 248 106 148 2 0 0 0 0 19 0 0 0 0 0 0 0 192 100 148 2 0 0 0 0 0 0 0 0 0 0 0 0 0 0 0 0 0 0 0 0 31 119 70 0 0 0 0 0 0 0 0 0 0 0 0 0 0 0 0 0 0 0 0 0 0 0 0 0 0 0 0 0 0 0 0 0 0 0 0 0 0 0 0 0 0 0 0 0 0 0 0 0 0 0 0 0 0 0 0 0 0 0 0 0 0 0 0 0 0 0 0 0 0 0 0 0 0 0 0 0 0 0 0 0 1 0 0 0 35 208 32 0 0 0 0 0 39 64 255 7 0 0 0 0 39 80 165 7 0 0 0 0 39 96 165 7 0 0 0 0 236 154 24 32 255 127 0 0 6 0 0 0 255 15 0 0 32 36 132 0 0 0 0 0 0 0 0 0 0 0 0 0 240 86 131 0 0 0 0 0 92 123 78 0 0 0 0 0 32 0 224 254 0 0 0 0 4 0 0 0 0 0 0 0 240 86 131 0 0 0 0 0 ]
RET IN TRANSMIT _GUEST:0:
HEADR SIZE INCREMENT IN LWIP:4294967282:P LEN IS :60:
HEADR SIZE INCREMENT IN LWIP:4294967276:P LEN IS :40:
HEADR SIZE INCREMENT IN LWIP:4294967276:P LEN IS :20:
HEADR SIZE INCREMENT IN LWIP:20:P LEN IS :20:
HEADR SIZE INCREMENT IN LWIP:14:P LEN IS :40:

 DATA in VMEXIST  of len=[60]=[82 84 0 18 52 86 82 84 0 18 52 85 8 0 69 0 0 40 76 75 0 0 64 6 4294967169 74 4294967170 4294967285 30 52 10 0 2 18 4294967236 15 0 80 0 4294967190 100 2 0 0 25 114 80 16 34 56 4294967197 4294967287 0 0 0 0 0 0 0 0 ]
82 84 0 18 52 86 82 84 0 18 52 85 8 0 69 0 0 40 76 75 0 0 64 6 4294967169 74 4294967170 4294967285 30 52 10 0 2 18 4294967236 15 0 80 0 4294967190 100 2 0 0 25 114 80 16 34 56 4294967197 4294967287 0 0 0 0 0 0 0 0 ]
DABRAL:94:net/input.c

 LEN AFTER UPDATE is :60
DABRAL:98:net/input.c
DABRAL:102:net/input.c

 IN GUEST NET SEND :0x8000000:
DATA IS LEN IS: 0xf75000:54

 IN E1000 transmit 

 DATA :0x800b378000:54
DABRAL:116:kern/e1000.c
RET IN TRANSMIT _GUEST:0:
HEADR SIZE INCREMENT IN LWIP:4294967282:P LEN IS :60:
HEADR SIZE INCREMENT IN LWIP:4294967276:P LEN IS :40:
HEADR SIZE INCREMENT IN LWIP:4294967276:P LEN IS :20:
HEADR SIZE INCREMENT IN LWIP:20:P LEN IS :20:
HEADR SIZE INCREMENT IN LWIP:14:P LEN IS :40:

 DATA in VMEXIST  of len=[328]=[82 84 0 18 52 86 82 84 0 18 52 85 8 0 69 0 0 40 76 75 0 0 64 6 4294967169 74 4294967170 4294967285 30 52 10 0 2 18 4294967236 15 0 80 0 4294967190 100 2 0 0 25 114 80 16 34 56 4294967197 4294967287 0 0 0 0 0 0 0 0 0 0 0 0 0 0 0 0 0 0 0 0 0 4294967273 4294967229 51 4294967248 26 4294967274 4294967235 4294967295 15 0 0 0 0 0 0 19 0 0 0 0 0 0 0 4294967288 106 4294967188 2 0 0 0 0 19 0 0 0 0 0 0 0 4294967232 100 4294967188 2 0 0 0 0 0 0 0 0 0 0 0 0 0 0 0 0 0 0 0 0 31 119 70 0 0 0 0 0 0 0 0 0 0 0 0 0 0 0 0 0 0 0 0 0 0 0 0 0 0 0 0 0 0 0 0 0 0 0 0 0 0 0 0 0 0 0 0 0 0 0 0 0 0 0 0 0 0 0 0 0 0 0 0 0 0 0 0 0 0 0 0 0 0 0 0 0 0 0 0 0 0 0 0 0 1 0 0 0 35 4294967248 32 0 0 0 0 0 39 64 4294967295 7 0 0 0 0 39 80 4294967205 7 0 0 0 0 39 96 4294967205 7 0 0 0 0 4294967276 4294967194 24 32 4294967295 127 0 0 6 0 0 0 4294967295 15 0 0 32 36 4294967172 0 0 0 0 0 0 0 0 0 0 0 0 0 4294967280 86 4294967171 0 0 0 0 0 92 123 78 0 0 0 0 0 32 0 4294967264 4294967294 0 0 0 0 4 0 0 0 0 0 0 0 4294967280 86 4294967171 0 0 0 0 0 ]
82 84 0 18 52 86 82 84 0 18 52 85 8 0 69 0 0 40 76 75 0 0 64 6 4294967169 74 4294967170 4294967285 30 52 10 0 2 18 4294967236 15 0 80 0 4294967190 100 2 0 0 25 114 80 16 34 56 4294967197 4294967287 0 0 0 0 0 0 0 0 0 0 0 0 0 0 0 0 0 0 0 0 0 4294967273 4294967229 51 4294967248 26 4294967274 4294967235 4294967295 15 0 0 0 0 0 0 19 0 0 0 0 0 0 0 4294967288 106 4294967188 2 0 0 0 0 19 0 0 0 0 0 0 0 4294967232 100 4294967188 2 0 0 0 0 0 0 0 0 0 0 0 0 0 0 0 0 0 0 0 0 31 119 70 0 0 0 0 0 0 0 0 0 0 0 0 0 0 0 0 0 0 0 0 0 0 0 0 0 0 0 0 0 0 0 0 0 0 0 0 0 0 0 0 0 0 0 0 0 0 0 0 0 0 0 0 0 0 0 0 0 0 0 0 0 0 0 0 0 0 0 0 0 0 0 0 0 0 0 0 0 0 0 0 0 1 0 0 0 35 4294967248 32 0 0 0 0 0 39 64 4294967295 7 0 0 0 0 39 80 4294967205 7 0 0 0 0 39 96 4294967205 7 0 0 0 0 4294967276 4294967194 24 32 4294967295 127 0 0 6 0 0 0 4294967295 15 0 0 32 36 4294967172 0 0 0 0 0 0 0 0 0 0 0 0 0 4294967280 86 4294967171 0 0 0 0 0 92 123 78 0 0 0 0 0 32 0 4294967264 4294967294 0 0 0 0 4 0 0 0 0 0 0 0 4294967280 86 4294967171 0 0 0 0 0 ]
DABRAL:94:net/input.c

 LEN AFTER UPDATE is :328
DABRAL:98:net/input.c
DABRAL:102:net/input.c

 IN GUEST NET SEND :0x8000000:
DATA IS LEN IS: 0xf75000:54

 IN E1000 transmit 

 DATA :0x800b378000:54
DABRAL:116:kern/e1000.c
RET IN TRANSMIT _GUEST:0:
HEADR SIZE INCREMENT IN LWIP:4294967282:P LEN IS :60:
HEADR SIZE INCREMENT IN LWIP:4294967276:P LEN IS :40:
HEADR SIZE INCREMENT IN LWIP:4294967276:P LEN IS :20:
HEADR SIZE INCREMENT IN LWIP:4294967282:P LEN IS :328:
HEADR SIZE INCREMENT IN LWIP:4294967276:P LEN IS :40:
HEADR SIZE INCREMENT IN LWIP:4294967276:P LEN IS :20:

 DATA od LEN=[60]=[82 84 0 18 52 86 82 84 0 18 52 85 8 0 69 0 0 40 76 77 0 0 64 6 129 72 130 245 30 52 10 0 2 18 196 15 0 80 0 150 101 20 0 0 25 114 80 17 34 56 156 228 0 0 0 0 0 0 0 0 ]

 DATA od LEN=[60]=[82 84 0 18 52 86 82 84 0 18 52 85 8 0 69 0 0 44 76 78 0 0 64 6 129 67 130 245 30 52 10 0 2 18 196 16 0 80 0 177 188 1 0 0 0 0 96 2 34 56 71 160 0 0 2 4 5 180 0 0 ]

 DATA in VMEXIST  of len=[60]=[82 84 0 18 52 86 82 84 0 18 52 85 8 0 69 0 0 40 76 77 0 0 64 6 4294967169 72 4294967170 4294967285 30 52 10 0 2 18 4294967236 15 0 80 0 4294967190 101 20 0 0 25 114 80 17 34 56 4294967196 4294967268 0 0 0 0 0 0 0 0 ]
82 84 0 18 52 86 82 84 0 18 52 85 8 0 69 0 0 40 76 77 0 0 64 6 4294967169 72 4294967170 4294967285 30 52 10 0 2 18 4294967236 15 0 80 0 4294967190 101 20 0 0 25 114 80 17 34 56 4294967196 4294967268 0 0 0 0 0 0 0 0 ]
DABRAL:94:net/input.c

 LEN AFTER UPDATE is :60
DABRAL:98:net/input.c
DABRAL:102:net/input.c

 DATA in VMEXIST  of len=[60]=[82 84 0 18 52 86 82 84 0 18 52 85 8 0 69 0 0 44 76 78 0 0 64 6 4294967169 67 4294967170 4294967285 30 52 10 0 2 18 4294967236 16 0 80 0 4294967217 4294967228 1 0 0 0 0 96 2 34 56 71 4294967200 0 0