00000000000i[     ] Bochs x86 Emulator 2.6.2
00000000000i[     ]   Built from SVN snapshot on May 26, 2013
00000000000i[     ] Compiled on May 26 2013 at 09:29:19
00000000000i[     ] System configuration
00000000000i[     ]   processors: 1 (cores=1, HT threads=1)
00000000000i[     ]   A20 line support: yes
00000000000i[     ] IPS is set to 4000000
00000000000i[     ] CPU configuration
00000000000i[     ]   SMP support: no
00000000000i[     ]   level: 6
00000000000i[     ]   APIC support: xapic
00000000000i[     ]   FPU support: yes
00000000000i[     ]   MMX support: yes
00000000000i[     ]   3dnow! support: no
00000000000i[     ]   SEP support: yes
00000000000i[     ]   SSE support: sse2
00000000000i[     ]   XSAVE support: no 
00000000000i[     ]   AES support: no
00000000000i[     ]   MOVBE support: no
00000000000i[     ]   ADX support: no
00000000000i[     ]   x86-64 support: yes
00000000000i[     ]   1G paging support: no
00000000000i[     ]   MWAIT support: yes
00000000000i[     ]   VMX support: 2
00000000000i[     ] Optimization configuration
00000000000i[     ]   RepeatSpeedups support: yes
00000000000i[     ]   Fast function calls: yes
00000000000i[     ]   Handlers Chaining speedups: yes
00000000000i[     ] Devices configuration
00000000000i[     ]   NE2000 support: yes
00000000000i[     ]   PCI support: yes, enabled=yes
00000000000i[     ]   SB16 support: yes
00000000000i[     ]   USB support: yes
00000000000i[     ]   VGA extension support: vbe cirrus voodoo
00000000000i[MEM0 ] allocated memory at 0x7fada8e74010. after alignment, vector=0x7fada8e75000
00000000000i[MEM0 ] 128.00MB
00000000000i[MEM0 ] mem block size = 0x00100000, blocks=128
00000000000i[MEM0 ] rom at 0xfffe0000/131072 ('/usr/share/bochs/BIOS-bochs-latest')
00000000000i[     ] lt_dlhandle is 0x3ec6fc0
00000000000i[PLGIN] loaded plugin libbx_hdimage.so
00000000000i[     ] lt_dlhandle is 0x3ec7a30
00000000000i[PLGIN] loaded plugin libbx_pci.so
00000000000i[     ] lt_dlhandle is 0x3ec8380
00000000000i[PLGIN] loaded plugin libbx_pci2isa.so
00000000000i[     ] lt_dlhandle is 0x3ec8df0
00000000000i[PLGIN] loaded plugin libbx_usb_uhci.so
00000000000i[     ] lt_dlhandle is 0x3ecb4b0
00000000000i[PLGIN] loaded plugin libbx_usb_common.so
00000000000i[     ] lt_dlhandle is 0x3ecbdf0
00000000000i[PLGIN] loaded plugin libbx_acpi.so
00000000000i[     ] lt_dlhandle is 0x3ecc7d0
00000000000i[PLGIN] loaded plugin libbx_cmos.so
00000000000i[     ] lt_dlhandle is 0x3ecd040
00000000000i[PLGIN] loaded plugin libbx_dma.so
00000000000i[     ] lt_dlhandle is 0x3ecda80
00000000000i[PLGIN] loaded plugin libbx_pic.so
00000000000i[     ] lt_dlhandle is 0x3ece330
00000000000i[PLGIN] loaded plugin libbx_pit.so
00000000000i[     ] lt_dlhandle is 0x3eced40
00000000000i[PLGIN] loaded plugin libbx_floppy.so
00000000000i[     ] lt_dlhandle is 0x3ecf8c0
00000000000i[PLGIN] loaded plugin libbx_vga.so
00000000000i[     ] lt_dlhandle is 0x3ed0020
00000000000i[PLGIN] loaded plugin libbx_ioapic.so
00000000000i[     ] lt_dlhandle is 0x3ed0a20
00000000000i[PLGIN] loaded plugin libbx_keyboard.so
00000000000i[     ] lt_dlhandle is 0x3ed1530
00000000000i[PLGIN] loaded plugin libbx_harddrv.so
00000000000i[     ] lt_dlhandle is 0x3ee3380
00000000000i[PLGIN] loaded plugin libbx_pci_ide.so
00000000000i[PLGIN] init_dev of 'pci' plugin device by virtual method
00000000000i[DEV  ] i440FX PMC present at device 0, function 0
00000000000i[PLGIN] init_dev of 'pci2isa' plugin device by virtual method
00000000000i[DEV  ] PIIX3 PCI-to-ISA bridge present at device 1, function 0
00000000000i[PLGIN] init_dev of 'cmos' plugin device by virtual method
00000000000i[CMOS ] Using local time for initial clock
00000000000i[CMOS ] Setting initial clock to: Sat Mar 22 23:13:32 2014 (time0=1395544412)
00000000000i[PLGIN] init_dev of 'dma' plugin device by virtual method
00000000000i[DMA  ] channel 4 used by cascade
00000000000i[PLGIN] init_dev of 'pic' plugin device by virtual method
00000000000i[PLGIN] init_dev of 'pit' plugin device by virtual method
00000000000i[PLGIN] init_dev of 'floppy' plugin device by virtual method
00000000000i[DMA  ] channel 2 used by Floppy Drive
00000000000i[PLGIN] init_dev of 'vga' plugin device by virtual method
00000000000i[MEM0 ] Register memory access handlers: 0x0000000a0000 - 0x0000000bffff
00000000000i[VGA  ] interval=200000
00000000000i[MEM0 ] Register memory access handlers: 0x0000e0000000 - 0x0000e0ffffff
00000000000i[BXVGA] VBE Bochs Display Extension Enabled
00000000000i[MEM0 ] rom at 0xc0000/41472 ('/usr/share/bochs/VGABIOS-lgpl-latest')
00000000000i[PLGIN] init_dev of 'acpi' plugin device by virtual method
00000000000i[DEV  ] ACPI Controller present at device 1, function 3
00000000000i[PLGIN] init_dev of 'ioapic' plugin device by virtual method
00000000000i[IOAP ] initializing I/O APIC
00000000000i[MEM0 ] Register memory access handlers: 0x0000fec00000 - 0x0000fec00fff
00000000000i[IOAP ] IOAPIC enabled (base address = 0xfec00000)
00000000000i[PLGIN] init_dev of 'keyboard' plugin device by virtual method
00000000000i[KBD  ] will paste characters every 400 keyboard ticks
00000000000i[PLGIN] init_dev of 'harddrv' plugin device by virtual method
00000000000i[HD   ] HD on ata0-0: '/home/cse591/virtualization/cse591/lab/obj/kern/kernel.img', 'flat' mode
00000000000p[HD   ] >>PANIC<< ata0-0: could not open hard drive image file '/home/cse591/virtualization/cse591/lab/obj/kern/kernel.img'
00000000000i[PLGIN] init_dev of 'pci_ide' plugin device by virtual method
00000000000i[DEV  ] PIIX3 PCI IDE controller present at device 1, function 1
00000000000i[PLGIN] init_dev of 'unmapped' plugin device by virtual method
00000000000i[PLGIN] init_dev of 'biosdev' plugin device by virtual method
00000000000i[PLGIN] init_dev of 'speaker' plugin device by virtual method
00000000000i[PLGIN] init_dev of 'extfpuirq' plugin device by virtual method
00000000000i[PLGIN] init_dev of 'parallel' plugin device by virtual method
00000000000i[PAR  ] parallel port 1 at 0x0378 irq 7
00000000000i[PLGIN] init_dev of 'serial' plugin device by virtual method
00000000000i[SER  ] com1 at 0x03f8 irq 4
00000000000i[PLGIN] init_dev of 'gameport' plugin device by virtual method
00000000000i[PLGIN] init_dev of 'usb_uhci' plugin device by virtual method
00000000000i[DEV  ] Experimental USB UHCI present at device 1, function 2
00000000000i[UHCI ] USB UHCI initialized
00000000000i[PLGIN] register state of 'pci' plugin device by virtual method
00000000000i[PLGIN] register state of 'pci2isa' plugin device by virtual method
00000000000i[PLGIN] register state of 'cmos' plugin device by virtual method
00000000000i[PLGIN] register state of 'dma' plugin device by virtual method
00000000000i[PLGIN] register state of 'pic' plugin device by virtual method
00000000000i[PLGIN] register state of 'pit' plugin device by virtual method
00000000000i[PLGIN] register state of 'floppy' plugin device by virtual method
00000000000i[PLGIN] register state of 'vga' plugin device by virtual method
00000000000i[PLGIN] register state of 'unmapped' plugin device by virtual method
00000000000i[PLGIN] register state of 'biosdev' plugin device by virtual method
00000000000i[PLGIN] register state of 'speaker' plugin device by virtual method
00000000000i[PLGIN] register state of 'extfpuirq' plugin device by virtual method
00000000000i[PLGIN] register state of 'parallel' plugin device by virtual method
00000000000i[PLGIN] register state of 'serial' plugin device by virtual method
00000000000i[PLGIN] register state of 'gameport' plugin device by virtual method
00000000000i[PLGIN] register state of 'usb_uhci' plugin device by virtual method
00000000000i[PLGIN] register state of 'acpi' plugin device by virtual method
00000000000i[PLGIN] register state of 'ioapic' plugin device by virtual method
00000000000i[PLGIN] register state of 'keyboard' plugin device by virtual method
00000000000i[PLGIN] register state of 'harddrv' plugin device by virtual method
00000000000i[PLGIN] register state of 'pci_ide' plugin device by virtual method
00000000000i[SYS  ] bx_pc_system_c::Reset(HARDWARE) called
00000000000i[CPU0 ] cpu hardware reset
00000000000i[APIC0] allocate APIC id=0 (MMIO enabled) to 0x0000fee00000
00000000000i[CPU0 ] CPUID[0x00000000]: 00000005 68747541 444d4163 69746e65
00000000000i[CPU0 ] CPUID[0x00000001]: 00000633 00010800 00002028 1fcbfbff
00000000000i[CPU0 ] CPUID[0x00000002]: 00410601 00000000 00000000 00000000
00000000000i[CPU0 ] CPUID[0x00000003]: 00000000 00000000 00000000 00000000
00000000000i[CPU0 ] CPUID[0x00000004]: 00000000 00000000 00000000 00000000
00000000000i[CPU0 ] CPUID[0x00000005]: 00000040 00000040 00000003 00000020
00000000000i[CPU0 ] CPUID[0x80000000]: 80000008 00000000 00000000 00000000
00000000000i[CPU0 ] CPUID[0x80000001]: 00000000 00000000 00000101 2a100000
00000000000i[CPU0 ] CPUID[0x80000002]: 20444d41 6c687441 74286e6f 7020296d
00000000000i[CPU0 ] CPUID[0x80000003]: 65636f72 726f7373 00000000 00000000
00000000000i[CPU0 ] CPUID[0x80000004]: 00000000 00000000 00000000 00000000
00000000000i[CPU0 ] CPUID[0x80000005]: 01ff01ff 01ff01ff 40020140 40020140
00000000000i[CPU0 ] CPUID[0x80000006]: 00000000 42004200 02008140 00000000
00000000000i[CPU0 ] CPUID[0x80000007]: 00000000 00000000 00000000 00000000
00000000000i[CPU0 ] CPUID[0x80000008]: 00003028 00000000 00000000 00000000
00000000000i[PLGIN] reset of 'pci' plugin device by virtual method
00000000000i[PLGIN] reset of 'pci2isa' plugin device by virtual method
00000000000i[PLGIN] reset of 'cmos' plugin device by virtual method
00000000000i[PLGIN] reset of 'dma' plugin device by virtual method
00000000000i[PLGIN] reset of 'pic' plugin device by virtual method
00000000000i[PLGIN] reset of 'pit' plugin device by virtual method
00000000000i[PLGIN] reset of 'floppy' plugin device by virtual method
00000000000i[PLGIN] reset of 'vga' plugin device by virtual method
00000000000i[PLGIN] reset of 'acpi' plugin device by virtual method
00000000000i[PLGIN] reset of 'ioapic' plugin device by virtual method
00000000000i[PLGIN] reset of 'keyboard' plugin device by virtual method
00000000000i[PLGIN] reset of 'harddrv' plugin device by virtual method
00000000000i[PLGIN] reset of 'pci_ide' plugin device by virtual method
00000000000i[PLGIN] reset of 'unmapped' plugin device by virtual method
00000000000i[PLGIN] reset of 'biosdev' plugin device by virtual method
00000000000i[PLGIN] reset of 'speaker' plugin device by virtual method
00000000000e[SPEAK] Failed to open /dev/console: Permission denied
00000000000e[SPEAK] Deactivating beep on console
00000000000i[PLGIN] reset of 'extfpuirq' plugin device by virtual method
00000000000i[PLGIN] reset of 'parallel' plugin device by virtual method
00000000000i[PLGIN] reset of 'serial' plugin device by virtual method
00000000000i[PLGIN] reset of 'gameport' plugin device by virtual method
00000000000i[PLGIN] reset of 'usb_uhci' plugin device by virtual method
00000000019i[MEM0 ] allocate_block: block=0x0 used 0x1 of 0x80
00000004655i[BIOS ] $Revision: 11545 $ $Date: 2012-11-11 09:11:17 +0100 (So, 11. Nov 2012) $
00000318061i[KBD  ] reset-disable command received
00000320697i[BIOS ] Starting rombios32
00000321138i[BIOS ] Shutdown flag 0
00000321709i[BIOS ] ram_size=0x08000000
00000322189i[BIOS ] ram_end=128MB
00001251762i[BIOS ] Found 1 cpu(s)
00001266002i[BIOS ] bios_table_addr: 0x000fa448 end=0x000fcc00
00001593001i[PCI  ] i440FX PMC write to PAM register 59 (TLB Flush)
00001921743i[P2I  ] PCI IRQ routing: PIRQA# set to 0x0b
00001921768i[P2I  ] PCI IRQ routing: PIRQB# set to 0x09
00001921768i[P2I  ] PCI IRQ routing: PIRQC# set to 0x0b
00001921768i[P2I  ] PCI IRQ routing: PIRQD# set to 0x09
00001921768i[P2I  ] write: ELCR2 = 0x0a
00001922422i[BIOS ] PIIX3/PIIX4 init: elcr=00 0a
00001930005i[BIOS ] PCI: bus=0 devfn=0x00: vendor_id=0x8086 device_id=0x1237 class=0x0600
00001932162i[BIOS ] PCI: bus=0 devfn=0x08: vendor_id=0x8086 device_id=0x7000 class=0x0601
00001934271i[BIOS ] PCI: bus=0 devfn=0x09: vendor_id=0x8086 device_id=0x7010 class=0x0101
00001934890i[PIDE ] new BM-DMA address: 0xc000
00001935411i[BIOS ] region 4: 0x0000c000
00001937119i[BIOS ] PCI: bus=0 devfn=0x0a: vendor_id=0x8086 device_id=0x7020 class=0x0c03
00001937713i[UHCI ] new base address: 0xc020
00001938234i[BIOS ] region 4: 0x0000c020
00001938400i[UHCI ] new irq line = 9
00001940004i[BIOS ] PCI: bus=0 devfn=0x0b: vendor_id=0x8086 device_id=0x7113 class=0x0680
00001940379i[ACPI ] new irq line = 11
00001940608i[ACPI ] new irq line = 9
00001940629i[ACPI ] new PM base address: 0xb000
00001940629i[ACPI ] new SM base address: 0xb100
00001940661i[PCI  ] setting SMRAM control register to 0x4a
00002104779i[CPU0 ] Enter to System Management Mode
00002104779i[CPU0 ] enter_system_management_mode: temporary disable VMX while in SMM mode
00002104783i[CPU0 ] RSM: Resuming from System Management Mode
00002268802i[PCI  ] setting SMRAM control register to 0x0a
00002283374i[BIOS ] MP table addr=0x000fa520 MPC table addr=0x000fa450 size=0xc8
00002285322i[BIOS ] SMBIOS table addr=0x000fa530
00002285541i[MEM0 ] allocate_block: block=0x7f used 0x2 of 0x80
00002287265i[BIOS ] ACPI tables: RSDP addr=0x000fa650 ACPI DATA addr=0x07ff0000 size=0xf72
00002290690i[BIOS ] Firmware waking vector 0x7ff00cc
00002292668i[PCI  ] i440FX PMC write to PAM register 59 (TLB Flush)
00002293222i[BIOS ] bios_table_cur_addr: 0x000fa674
00002421026i[VBIOS] VGABios $Id: vgabios.c,v 1.75 2011/10/15 14:07:21 vruppert Exp $
00002421096i[BXVGA] VBE known Display Interface b0c0
00002421128i[BXVGA] VBE known Display Interface b0c5
00002424054i[VBIOS] VBE Bios $Id: vbe.c,v 1.64 2011/07/19 18:25:05 vruppert Exp $
00002763162i[BIOS ] ata0-0: PCHS=1/1/32 translation=none LCHS=1/1/32
00006640336i[BIOS ] IDE time out
00018700224p[BIOS ] >>PANIC<< No bootable device.
00018701531i[CPU0 ] WARNING: HLT instruction with IF=0!
01178406246i[NGUI ] ips = 1178.406M
02590237036i[NGUI ] ips = 1411.831M
04003196326i[NGUI ] ips = 1412.959M
04457000186p[     ] >>PANIC<< SIGNAL 2 caught
05418578000i[NGUI ] ips = 1415.382M
06837593196i[NGUI ] ips = 1419.015M
08262279396i[NGUI ] ips = 1424.686M
09685532226i[NGUI ] ips = 1423.253M
11103456000i[NGUI ] ips = 1417.924M
12522582106i[NGUI ] ips = 1419.126M
13936498176i[NGUI ] ips = 1413.916M
15360476000i[NGUI ] ips = 1423.978M
16786625226i[NGUI ] ips = 1426.149M
18212351896i[NGUI ] ips = 1425.727M
19631567756i[NGUI ] ips = 1419.216M
21042289106i[NGUI ] ips = 1410.721M
22419287077i[NGUI ] ips = 1376.998M
23844225536i[NGUI ] ips = 1424.938M
25263823000i[NGUI ] ips = 1419.597M
26686421593i[NGUI ] ips = 1422.599M
28103262496i[NGUI ] ips = 1416.841M
29527911229i[NGUI ] ips = 1424.649M
30952926166i[NGUI ] ips = 1425.015M
32372267766i[NGUI ] ips = 1419.342M
33791176366i[NGUI ] ips = 1418.909M
35207166796i[NGUI ] ips = 1415.990M
36492620033i[NGUI ] ips = 1285.453M
37914742666i[NGUI ] ips = 1422.123M
39340030933i[NGUI ] ips = 1425.288M
40762460000i[NGUI ] ips = 1422.429M
42184078496i[NGUI ] ips = 1421.618M
43188197926i[NGUI ] ips = 1004.119M
44394699756i[NGUI ] ips = 1206.502M
45815585000i[NGUI ] ips = 1420.885M
47196517246i[NGUI ] ips = 1380.932M
48613837996i[NGUI ] ips = 1417.321M
50042006996i[NGUI ] ips = 1428.169M
51471152326i[NGUI ] ips = 1429.145M
52894585096i[NGUI ] ips = 1423.433M
54318654185i[NGUI ] ips = 1424.069M
55740611596i[NGUI ] ips = 1421.957M
57168425326i[NGUI ] ips = 1427.814M
58579190976i[NGUI ] ips = 1410.766M
60003185737i[NGUI ] ips = 1423.995M
61425785036i[NGUI ] ips = 1422.599M
62852512637i[NGUI ] ips = 1426.728M
64278380000i[NGUI ] ips = 1425.867M
65703232396i[NGUI ] ips = 1424.852M
67128504506i[NGUI ] ips = 1425.272M
68555758836i[NGUI ] ips = 1427.254M
69980597156i[NGUI ] ips = 1424.838M
71407422066i[NGUI ] ips = 1426.825M
72832791196i[NGUI ] ips = 1425.369M
74257789946i[NGUI ] ips = 1424.999M
75680423426i[NGUI ] ips = 1422.633M
77103760266i[NGUI ] ips = 1423.337M
78528951646i[NGUI ] ips = 1425.191M
79952248906i[NGUI ] ips = 1423.297M
81375472000i[NGUI ] ips = 1423.223M
82800617256i[NGUI ] ips = 1425.145M
84224304176i[NGUI ] ips = 1423.687M
85651672386i[NGUI ] ips = 1427.368M
86941461966i[NGUI ] ips = 1289.790M
88361532737i[NGUI ] ips = 1420.071M
89780659446i[NGUI ] ips = 1419.127M
91193681836i[NGUI ] ips = 1413.022M
92617339000i[NGUI ] ips = 1423.657M
94039175466i[NGUI ] ips = 1421.836M
95462085126i[NGUI ] ips = 1422.910M
96885800106i[NGUI ] ips = 1423.715M
98307521426i[NGUI ] ips = 1421.721M
99717496366i[NGUI ] ips = 1409.975M
101122307936i[NGUI ] ips = 1404.812M
102538159686i[NGUI ] ips = 1415.852M
103960082441i[NGUI ] ips = 1421.923M
105378886866i[NGUI ] ips = 1418.804M
106798172000i[NGUI ] ips = 1419.285M
108220514606i[NGUI ] ips = 1422.343M
109642640417i[NGUI ] ips = 1422.126M
111064081000i[NGUI ] ips = 1421.441M
112489293000i[NGUI ] ips = 1425.212M
113911649286i[NGUI ] ips = 1422.356M
115329651716i[NGUI ] ips = 1418.002M
116752423856i[NGUI ] ips = 1422.772M
118178234716i[NGUI ] ips = 1425.811M
119602153156i[NGUI ] ips = 1423.918M
121028465736i[NGUI ] ips = 1426.313M
122451731676i[NGUI ] ips = 1423.266M
123877716616i[NGUI ] ips = 1425.985M
125301137246i[NGUI ] ips = 1423.421M
126726667326i[NGUI ] ips = 1425.530M
128150128326i[NGUI ] ips = 1423.461M
129573845966i[NGUI ] ips = 1423.718M
130997010536i[NGUI ] ips = 1423.165M
132423194665i[NGUI ] ips = 1426.184M
133833513000i[NGUI ] ips = 1410.318M
135258589186i[NGUI ] ips = 1425.076M
136683811776i[NGUI ] ips = 1425.223M
138109335246i[NGUI ] ips = 1425.523M
139533887856i[NGUI ] ips = 1424.553M
140958954926i[NGUI ] ips = 1425.067M
142370732000i[NGUI ] ips = 1411.777M
143793944866i[NGUI ] ips = 1423.213M
145216727176i[NGUI ] ips = 1422.782M
146640233000i[NGUI ] ips = 1423.506M
148062771021i[NGUI ] ips = 1422.538M
149481988286i[NGUI ] ips = 1419.217M
150902891786i[NGUI ] ips = 1420.903M
152325157000i[NGUI ] ips = 1422.265M
153748175026i[NGUI ] ips = 1423.018M
155170665576i[NGUI ] ips = 1422.491M
156592941473i[NGUI ] ips = 1422.276M
158017636286i[NGUI ] ips = 1424.695M
159442453246i[NGUI ] ips = 1424.817M
160866380946i[NGUI ] ips = 1423.928M
162291437996i[NGUI ] ips = 1425.057M
163714939966i[NGUI ] ips = 1423.502M
165139632749i[NGUI ] ips = 1424.693M
166564517936i[NGUI ] ips = 1424.885M
167990852000i[NGUI ] ips = 1426.334M
169415499000i[NGUI ] ips = 1424.647M
170840758706i[NGUI ] ips = 1425.260M
172263838376i[NGUI ] ips = 1423.080M
173688370446i[NGUI ] ips = 1424.532M
175110985956i[NGUI ] ips = 1422.616M
176536834206i[NGUI ] ips = 1425.848M
177961696846i[NGUI ] ips = 1424.863M
179383566000i[NGUI ] ips = 1421.869M
180799097437i[NGUI ] ips = 1415.531M
182210872246i[NGUI ] ips = 1411.775M
183623141000i[NGUI ] ips = 1412.269M
185044734816i[NGUI ] ips = 1421.594M
186465347616i[NGUI ] ips = 1420.613M
187893438000i[NGUI ] ips = 1428.090M
189317101000i[NGUI ] ips = 1423.663M
190744183616i[NGUI ] ips = 1427.083M
192165617985i[NGUI ] ips = 1421.434M
193589256769i[NGUI ] ips = 1423.639M
195009188696i[NGUI ] ips = 1419.932M
196432617000i[NGUI ] ips = 1423.428M
197853859401i[NGUI ] ips = 1421.242M
199277865106i[NGUI ] ips = 1424.006M
200698130906i[NGUI ] ips = 1420.266M
202122334756i[NGUI ] ips = 1424.204M
203483571126i[NGUI ] ips = 1361.236M
204908388866i[NGUI ] ips = 1424.818M
206330775621i[NGUI ] ips = 1422.387M
207749135366i[NGUI ] ips = 1418.360M
209166858000i[NGUI ] ips = 1417.723M
210588939306i[NGUI ] ips = 1422.081M
212012269836i[NGUI ] ips = 1423.331M
213436403576i[NGUI ] ips = 1424.134M
214858790386i[NGUI ] ips = 1422.387M
216276425526i[NGUI ] ips = 1417.635M
217698415216i[NGUI ] ips = 1421.990M
219110289496i[NGUI ] ips = 1411.874M
220528128296i[NGUI ] ips = 1417.839M
221947883576i[NGUI ] ips = 1419.755M
223370173236i[NGUI ] ips = 1422.290M
224787790436i[NGUI ] ips = 1417.617M
226211865776i[NGUI ] ips = 1424.075M
227633495126i[NGUI ] ips = 1421.629M
229057344436i[NGUI ] ips = 1423.849M
230479320756i[NGUI ] ips = 1421.976M
231903552306i[NGUI ] ips = 1424.232M
233325151126i[NGUI ] ips = 1421.599M
234749130746i[NGUI ] ips = 1423.980M
236171046136i[NGUI ] ips = 1421.915M
237594521226i[NGUI ] ips = 1423.475M
239016668226i[NGUI ] ips = 1422.147M
240440727000i[NGUI ] ips = 1424.059M
241863241916i[NGUI ] ips = 1422.515M
243288161836i[NGUI ] ips = 1424.920M
244711951526i[NGUI ] ips = 1423.790M
246136765866i[NGUI ] ips = 1424.814M
247560468536i[NGUI ] ips = 1423.703M
248985724036i[NGUI ] ips = 1425.255M
250409509000i[NGUI ] ips = 1423.785M
251831681886i[NGUI ] ips = 1422.173M
253253911256i[NGUI ] ips = 1422.229M
254675828336i[NGUI ] ips = 1421.917M
256098639000i[NGUI ] ips = 1422.811M
257521973706i[NGUI ] ips = 1423.335M
258946278016i[NGUI ] ips = 1424.304M
260364686836i[NGUI ] ips = 1418.409M
261784217000i[NGUI ] ips = 1419.530M
263208244405i[NGUI ] ips = 1424.027M
264625783996i[NGUI ] ips = 1417.540M
266036590996i[NGUI ] ips = 1410.807M
267449912000i[NGUI ] ips = 1413.321M
268867805681i[NGUI ] ips = 1417.894M
270289969556i[NGUI ] ips = 1422.164M
271713684276i[NGUI ] ips = 1423.715M
273137237686i[NGUI ] ips = 1423.553M
274557068886i[NGUI ] ips = 1419.831M
275972288000i[NGUI ] ips = 1415.219M
277311935566i[NGUI ] ips = 1339.648M
278653297000i[NGUI ] ips = 1341.361M
280078382396i[NGUI ] ips = 1425.085M
281504144506i[NGUI ] ips = 1425.762M
282930040576i[NGUI ] ips = 1425.896M
284354771176i[NGUI ] ips = 1424.731M
285780260156i[NGUI ] ips = 1425.489M
287202431345i[NGUI ] ips = 1422.171M
288618227096i[NGUI ] ips = 1415.796M
289631636266i[NGUI ] ips = 1013.409M
290961955216i[NGUI ] ips = 1330.319M
292373569126i[NGUI ] ips = 1411.614M
293779071073i[NGUI ] ips = 1405.502M
295193160156i[NGUI ] ips = 1414.089M
296596541205i[NGUI ] ips = 1403.381M
298013793926i[NGUI ] ips = 1417.253M
299417073096i[NGUI ] ips = 1403.279M
300835483486i[NGUI ] ips = 1418.410M
302250340000i[NGUI ] ips = 1414.857M
303663372506i[NGUI ] ips = 1413.033M
305085400646i[NGUI ] ips = 1422.028M
306505373000i[NGUI ] ips = 1419.972M
307926987296i[NGUI ] ips = 1421.614M
309347799176i[NGUI ] ips = 1420.812M
310773917746i[NGUI ] ips = 1426.119M
312199678816i[NGUI ] ips = 1425.761M
313623602000i[NGUI ] ips = 1423.923M
315047030456i[NGUI ] ips = 1423.428M
316471424125i[NGUI ] ips = 1424.394M
317895705316i[NGUI ] ips = 1424.281M
319320778506i[NGUI ] ips = 1425.073M
320743964825i[NGUI ] ips = 1423.186M
322167798146i[NGUI ] ips = 1423.833M
323591315000i[NGUI ] ips = 1423.517M
325015370000i[NGUI ] ips = 1424.055M
326438068136i[NGUI ] ips = 1422.698M
327861937956i[NGUI ] ips = 1423.870M
329284790956i[NGUI ] ips = 1422.853M
330708709396i[NGUI ] ips = 1423.918M
332131607796i[NGUI ] ips = 1422.898M
333554725000i[NGUI ] ips = 1423.117M
334975023276i[NGUI ] ips = 1420.298M
336378574417i[NGUI ] ips = 1403.551M
337798597646i[NGUI ] ips = 1420.023M
339219557676i[NGUI ] ips = 1420.960M
340640355000i[NGUI ] ips = 1420.797M
342061035996i[NGUI ] ips = 1420.681M
343480622246i[NGUI ] ips = 1419.586M
344762763326i[NGUI ] ips = 1282.141M
346181390933i[NGUI ] ips = 1418.628M
347599922736i[NGUI ] ips = 1418.532M
349015503106i[NGUI ] ips = 1415.580M
350433675861i[NGUI ] ips = 1418.173M
351851101673i[NGUI ] ips = 1417.426M
353269591696i[NGUI ] ips = 1418.490M
354689662546i[NGUI ] ips = 1420.071M
356110105436i[NGUI ] ips = 1420.443M
357531008829i[NGUI ] ips = 1420.903M
358950502085i[NGUI ] ips = 1419.493M
360370171116i[NGUI ] ips = 1419.669M
361791194000i[NGUI ] ips = 1421.023M
363212719000i[NGUI ] ips = 1421.525M
364634063626i[NGUI ] ips = 1421.345M
366056733996i[NGUI ] ips = 1422.670M
367476469397i[NGUI ] ips = 1419.735M
368899532246i[NGUI ] ips = 1423.063M
370322289396i[NGUI ] ips = 1422.757M
371742041026i[NGUI ] ips = 1419.752M
373163273697i[NGUI ] ips = 1421.233M
374584564816i[NGUI ] ips = 1421.291M
376007257146i[NGUI ] ips = 1422.692M
377428984646i[NGUI ] ips = 1421.727M
378852349736i[NGUI ] ips = 1423.365M
380274918226i[NGUI ] ips = 1422.568M
381698095966i[NGUI ] ips = 1423.178M
383120244366i[NGUI ] ips = 1422.148M
384540989536i[NGUI ] ips = 1420.745M
385962433886i[NGUI ] ips = 1421.444M
387379884486i[NGUI ] ips = 1417.451M
388787145000i[NGUI ] ips = 1407.261M
390210186596i[NGUI ] ips = 1423.042M
391631010996i[NGUI ] ips = 1420.824M
393053463496i[NGUI ] ips = 1422.453M
394476172346i[NGUI ] ips = 1422.709M
395894304766i[NGUI ] ips = 1418.132M
397312235213i[NGUI ] ips = 1417.930M
398728364626i[NGUI ] ips = 1416.129M
400146446056i[NGUI ] ips = 1418.081M
401569368015i[NGUI ] ips = 1422.922M
402992549166i[NGUI ] ips = 1423.181M
404418666000i[NGUI ] ips = 1426.117M
405847601506i[NGUI ] ips = 1428.936M
407273074913i[NGUI ] ips = 1425.473M
408691352316i[NGUI ] ips = 1418.277M
410108676000i[NGUI ] ips = 1417.324M
411529343269i[NGUI ] ips = 1420.667M
412949291486i[NGUI ] ips = 1419.948M
414373473045i[NGUI ] ips = 1424.182M
415796434000i[NGUI ] ips = 1422.961M
417223764956i[NGUI ] ips = 1427.331M
418646983916i[NGUI ] ips = 1423.219M
420071818516i[NGUI ] ips = 1424.835M
421494965000i[NGUI ] ips = 1423.146M
422922498636i[NGUI ] ips = 1427.534M
424343641000i[NGUI ] ips = 1421.142M
425768756336i[NGUI ] ips = 1425.115M
427192253716i[NGUI ] ips = 1423.497M
428615233436i[NGUI ] ips = 1422.980M
430028131166i[NGUI ] ips = 1412.898M
431439492906i[NGUI ] ips = 1411.362M
432845632017i[NGUI ] ips = 1406.139M
434263486236i[NGUI ] ips = 1417.854M
435679378506i[NGUI ] ips = 1415.892M
437098501656i[NGUI ] ips = 1419.123M
438512641876i[NGUI ] ips = 1414.140M
439941812066i[NGUI ] ips = 1429.170M
441368392000i[NGUI ] ips = 1426.580M
442797920526i[NGUI ] ips = 1429.529M
444225297626i[NGUI ] ips = 1427.377M
445650346446i[NGUI ] ips = 1425.049M
447068939000i[NGUI ] ips = 1418.593M
448490248716i[NGUI ] ips = 1421.310M
449910650446i[NGUI ] ips = 1420.402M
451337204146i[NGUI ] ips = 1426.554M
452760701666i[NGUI ] ips = 1423.498M
454187196806i[NGUI ] ips = 1426.495M
455608576406i[NGUI ] ips = 1421.380M
457034163806i[NGUI ] ips = 1425.587M
458456071246i[NGUI ] ips = 1421.907M
459880171237i[NGUI ] ips = 1424.100M
461301627409i[NGUI ] ips = 1421.456M
462725135636i[NGUI ] ips = 1423.508M
464144525349i[NGUI ] ips = 1419.390M
465565748000i[NGUI ] ips = 1421.223M
466983833696i[NGUI ] ips = 1418.086M
468400330426i[NGUI ] ips = 1416.497M
469813533805i[NGUI ] ips = 1413.203M
471172992000i[NGUI ] ips = 1359.458M
472550292506i[NGUI ] ips = 1377.301M
473913557246i[NGUI ] ips = 1363.265M
475322786256i[NGUI ] ips = 1409.229M
476738671226i[NGUI ] ips = 1415.885M
478144258229i[NGUI ] ips = 1405.587M
479549057536i[NGUI ] ips = 1404.799M
480960499546i[NGUI ] ips = 1411.442M
482369682246i[NGUI ] ips = 1409.183M
483782471146i[NGUI ] ips = 1412.789M
485192328686i[NGUI ] ips = 1409.858M
